{"__type":"$$EventMessageAudit","id":"7665a510-663b-48ec-9dbc-433b13d711ce","ts":"2025-08-01T06:30:32.782+00:00","eventName":"n8n.audit.user.credentials.updated","message":"n8n.audit.user.credentials.updated","payload":{"userId":"b0559425-3fa0-463b-9321-4368bdcce78e","_email":"parag@smartshore.nl","_firstName":"Parag","_lastName":"Dangui","globalRole":"global:owner","credentialType":"postgres","credentialId":"5kZXQF45pS9h2gLu"}}
{"__type":"$$EventMessageConfirm","confirm":"7665a510-663b-48ec-9dbc-433b13d711ce","ts":"2025-08-01T06:30:32.783+00:00","source":{"id":"0","name":"eventBus"}}
{"__type":"$$EventMessageAudit","id":"cddef895-27aa-41d8-92b5-34cfd1b61864","ts":"2025-08-01T06:31:06.851+00:00","eventName":"n8n.audit.user.credentials.updated","message":"n8n.audit.user.credentials.updated","payload":{"userId":"b0559425-3fa0-463b-9321-4368bdcce78e","_email":"parag@smartshore.nl","_firstName":"Parag","_lastName":"Dangui","globalRole":"global:owner","credentialType":"postgres","credentialId":"5kZXQF45pS9h2gLu"}}
{"__type":"$$EventMessageConfirm","confirm":"cddef895-27aa-41d8-92b5-34cfd1b61864","ts":"2025-08-01T06:31:06.851+00:00","source":{"id":"0","name":"eventBus"}}
{"__type":"$$EventMessageWorkflow","id":"a64de805-d57b-4d21-a6bd-35886a5af4c3","ts":"2025-08-01T02:37:17.600-04:00","eventName":"n8n.workflow.started","message":"n8n.workflow.started","payload":{"executionId":"74","workflowId":"EwpXGnR8lwRJS9O4","isManual":false,"workflowName":"authentication"}}
{"__type":"$$EventMessageConfirm","confirm":"a64de805-d57b-4d21-a6bd-35886a5af4c3","ts":"2025-08-01T02:37:17.600-04:00","source":{"id":"0","name":"eventBus"}}
{"__type":"$$EventMessageNode","id":"7e09e3be-ca0d-43b9-9444-210ad8de11ab","ts":"2025-08-01T02:37:17.601-04:00","eventName":"n8n.node.started","message":"n8n.node.started","payload":{"workflowId":"EwpXGnR8lwRJS9O4","workflowName":"authentication","executionId":"74","nodeType":"n8n-nodes-base.postgres","nodeName":"Execute a SQL query","nodeId":"c83a3706-98c4-4f98-895e-56467bd6cdea"}}
{"__type":"$$EventMessageConfirm","confirm":"7e09e3be-ca0d-43b9-9444-210ad8de11ab","ts":"2025-08-01T02:37:17.601-04:00","source":{"id":"0","name":"eventBus"}}
{"__type":"$$EventMessageNode","id":"1f53cf98-c95c-4fd9-a54c-e788a7989122","ts":"2025-08-01T02:37:17.625-04:00","eventName":"n8n.node.finished","message":"n8n.node.finished","payload":{"workflowId":"EwpXGnR8lwRJS9O4","workflowName":"authentication","executionId":"74","nodeType":"n8n-nodes-base.postgres","nodeName":"Execute a SQL query","nodeId":"c83a3706-98c4-4f98-895e-56467bd6cdea"}}
{"__type":"$$EventMessageConfirm","confirm":"1f53cf98-c95c-4fd9-a54c-e788a7989122","ts":"2025-08-01T02:37:17.626-04:00","source":{"id":"0","name":"eventBus"}}
{"__type":"$$EventMessageWorkflow","id":"dccd268d-7f86-41d5-b55f-22b59ef91fe1","ts":"2025-08-01T02:37:17.629-04:00","eventName":"n8n.workflow.failed","message":"n8n.workflow.failed","payload":{"userId":"b0559425-3fa0-463b-9321-4368bdcce78e","executionId":"74","success":false,"isManual":true,"workflowId":"EwpXGnR8lwRJS9O4","workflowName":"authentication","lastNodeExecuted":"Execute a SQL query","errorNodeType":"n8n-nodes-base.postgres","errorMessage":"Syntax error at line 1 near \":\""}}
{"__type":"$$EventMessageConfirm","confirm":"dccd268d-7f86-41d5-b55f-22b59ef91fe1","ts":"2025-08-01T02:37:17.629-04:00","source":{"id":"0","name":"eventBus"}}
{"__type":"$$EventMessageWorkflow","id":"5ea39ca1-a177-4c6a-b51b-093ad73dc7ad","ts":"2025-08-01T02:39:52.122-04:00","eventName":"n8n.workflow.started","message":"n8n.workflow.started","payload":{"executionId":"75","workflowId":"EwpXGnR8lwRJS9O4","isManual":false,"workflowName":"authentication"}}
{"__type":"$$EventMessageConfirm","confirm":"5ea39ca1-a177-4c6a-b51b-093ad73dc7ad","ts":"2025-08-01T02:39:52.122-04:00","source":{"id":"0","name":"eventBus"}}
{"__type":"$$EventMessageNode","id":"4e7538b7-f94a-4b6a-8f33-bf95fb68409a","ts":"2025-08-01T02:39:52.122-04:00","eventName":"n8n.node.started","message":"n8n.node.started","payload":{"workflowId":"EwpXGnR8lwRJS9O4","workflowName":"authentication","executionId":"75","nodeType":"n8n-nodes-base.postgres","nodeName":"Execute a SQL query","nodeId":"c83a3706-98c4-4f98-895e-56467bd6cdea"}}
{"__type":"$$EventMessageConfirm","confirm":"4e7538b7-f94a-4b6a-8f33-bf95fb68409a","ts":"2025-08-01T02:39:52.122-04:00","source":{"id":"0","name":"eventBus"}}
{"__type":"$$EventMessageNode","id":"59742293-f0d6-4f5a-98d0-ef576963c909","ts":"2025-08-01T02:39:52.134-04:00","eventName":"n8n.node.finished","message":"n8n.node.finished","payload":{"workflowId":"EwpXGnR8lwRJS9O4","workflowName":"authentication","executionId":"75","nodeType":"n8n-nodes-base.postgres","nodeName":"Execute a SQL query","nodeId":"c83a3706-98c4-4f98-895e-56467bd6cdea"}}
{"__type":"$$EventMessageConfirm","confirm":"59742293-f0d6-4f5a-98d0-ef576963c909","ts":"2025-08-01T02:39:52.134-04:00","source":{"id":"0","name":"eventBus"}}
{"__type":"$$EventMessageWorkflow","id":"4e92f7a6-e6b7-4eae-938b-d6403b244169","ts":"2025-08-01T02:39:52.136-04:00","eventName":"n8n.workflow.failed","message":"n8n.workflow.failed","payload":{"userId":"b0559425-3fa0-463b-9321-4368bdcce78e","executionId":"75","success":false,"isManual":true,"workflowId":"EwpXGnR8lwRJS9O4","workflowName":"authentication","lastNodeExecuted":"Execute a SQL query","errorNodeType":"n8n-nodes-base.postgres","errorMessage":"relation \"postgres\" does not exist"}}
{"__type":"$$EventMessageConfirm","confirm":"4e92f7a6-e6b7-4eae-938b-d6403b244169","ts":"2025-08-01T02:39:52.136-04:00","source":{"id":"0","name":"eventBus"}}
{"__type":"$$EventMessageWorkflow","id":"033a7c2a-7510-47dc-b7db-ccd335e47a39","ts":"2025-08-01T02:41:32.031-04:00","eventName":"n8n.workflow.started","message":"n8n.workflow.started","payload":{"executionId":"76","workflowId":"EwpXGnR8lwRJS9O4","isManual":false,"workflowName":"authentication"}}
{"__type":"$$EventMessageConfirm","confirm":"033a7c2a-7510-47dc-b7db-ccd335e47a39","ts":"2025-08-01T02:41:32.032-04:00","source":{"id":"0","name":"eventBus"}}
{"__type":"$$EventMessageNode","id":"f35885b4-be2e-45c5-b781-768f37cea3fb","ts":"2025-08-01T02:41:32.032-04:00","eventName":"n8n.node.started","message":"n8n.node.started","payload":{"workflowId":"EwpXGnR8lwRJS9O4","workflowName":"authentication","executionId":"76","nodeType":"n8n-nodes-base.postgres","nodeName":"Execute a SQL query","nodeId":"c83a3706-98c4-4f98-895e-56467bd6cdea"}}
{"__type":"$$EventMessageConfirm","confirm":"f35885b4-be2e-45c5-b781-768f37cea3fb","ts":"2025-08-01T02:41:32.032-04:00","source":{"id":"0","name":"eventBus"}}
{"__type":"$$EventMessageNode","id":"d5ae8e14-4d2a-4758-a05f-50928bc8db51","ts":"2025-08-01T02:41:32.055-04:00","eventName":"n8n.node.finished","message":"n8n.node.finished","payload":{"workflowId":"EwpXGnR8lwRJS9O4","workflowName":"authentication","executionId":"76","nodeType":"n8n-nodes-base.postgres","nodeName":"Execute a SQL query","nodeId":"c83a3706-98c4-4f98-895e-56467bd6cdea"}}
{"__type":"$$EventMessageConfirm","confirm":"d5ae8e14-4d2a-4758-a05f-50928bc8db51","ts":"2025-08-01T02:41:32.055-04:00","source":{"id":"0","name":"eventBus"}}
{"__type":"$$EventMessageWorkflow","id":"8a05da3b-af4c-4c45-b4c0-5ad51153e272","ts":"2025-08-01T02:41:32.057-04:00","eventName":"n8n.workflow.success","message":"n8n.workflow.success","payload":{"userId":"b0559425-3fa0-463b-9321-4368bdcce78e","executionId":"76","success":true,"isManual":true,"workflowId":"EwpXGnR8lwRJS9O4","workflowName":"authentication"}}
{"__type":"$$EventMessageConfirm","confirm":"8a05da3b-af4c-4c45-b4c0-5ad51153e272","ts":"2025-08-01T02:41:32.057-04:00","source":{"id":"0","name":"eventBus"}}
{"__type":"$$EventMessageWorkflow","id":"dd7580b5-83f3-4d37-8ba3-7006eebae252","ts":"2025-08-01T02:41:45.142-04:00","eventName":"n8n.workflow.started","message":"n8n.workflow.started","payload":{"executionId":"77","workflowId":"EwpXGnR8lwRJS9O4","isManual":false,"workflowName":"authentication"}}
{"__type":"$$EventMessageConfirm","confirm":"dd7580b5-83f3-4d37-8ba3-7006eebae252","ts":"2025-08-01T02:41:45.142-04:00","source":{"id":"0","name":"eventBus"}}
{"__type":"$$EventMessageNode","id":"fc7d3da3-8632-48d5-a60b-b229e467efcc","ts":"2025-08-01T02:41:45.143-04:00","eventName":"n8n.node.started","message":"n8n.node.started","payload":{"workflowId":"EwpXGnR8lwRJS9O4","workflowName":"authentication","executionId":"77","nodeType":"n8n-nodes-base.postgres","nodeName":"Execute a SQL query","nodeId":"c83a3706-98c4-4f98-895e-56467bd6cdea"}}
{"__type":"$$EventMessageConfirm","confirm":"fc7d3da3-8632-48d5-a60b-b229e467efcc","ts":"2025-08-01T02:41:45.143-04:00","source":{"id":"0","name":"eventBus"}}
{"__type":"$$EventMessageNode","id":"818f363e-90ff-4747-92a6-0a6e4dd8eeed","ts":"2025-08-01T02:41:45.152-04:00","eventName":"n8n.node.finished","message":"n8n.node.finished","payload":{"workflowId":"EwpXGnR8lwRJS9O4","workflowName":"authentication","executionId":"77","nodeType":"n8n-nodes-base.postgres","nodeName":"Execute a SQL query","nodeId":"c83a3706-98c4-4f98-895e-56467bd6cdea"}}
{"__type":"$$EventMessageConfirm","confirm":"818f363e-90ff-4747-92a6-0a6e4dd8eeed","ts":"2025-08-01T02:41:45.152-04:00","source":{"id":"0","name":"eventBus"}}
{"__type":"$$EventMessageWorkflow","id":"fcc21ffb-666e-4221-9f2a-614f814fcf3d","ts":"2025-08-01T02:41:45.153-04:00","eventName":"n8n.workflow.failed","message":"n8n.workflow.failed","payload":{"userId":"b0559425-3fa0-463b-9321-4368bdcce78e","executionId":"77","success":false,"isManual":true,"workflowId":"EwpXGnR8lwRJS9O4","workflowName":"authentication","lastNodeExecuted":"Execute a SQL query","errorNodeType":"n8n-nodes-base.postgres","errorMessage":"relation \"users\" does not exist"}}
{"__type":"$$EventMessageConfirm","confirm":"fcc21ffb-666e-4221-9f2a-614f814fcf3d","ts":"2025-08-01T02:41:45.153-04:00","source":{"id":"0","name":"eventBus"}}
{"__type":"$$EventMessageWorkflow","id":"bad4f571-5c1f-4047-84fe-353b4b73f74a","ts":"2025-08-01T02:42:28.973-04:00","eventName":"n8n.workflow.started","message":"n8n.workflow.started","payload":{"executionId":"78","workflowId":"EwpXGnR8lwRJS9O4","isManual":false,"workflowName":"authentication"}}
{"__type":"$$EventMessageConfirm","confirm":"bad4f571-5c1f-4047-84fe-353b4b73f74a","ts":"2025-08-01T02:42:28.973-04:00","source":{"id":"0","name":"eventBus"}}
{"__type":"$$EventMessageNode","id":"9703329d-ac10-4ab1-99f7-aba30f2d8e11","ts":"2025-08-01T02:42:28.973-04:00","eventName":"n8n.node.started","message":"n8n.node.started","payload":{"workflowId":"EwpXGnR8lwRJS9O4","workflowName":"authentication","executionId":"78","nodeType":"n8n-nodes-base.postgres","nodeName":"Execute a SQL query","nodeId":"c83a3706-98c4-4f98-895e-56467bd6cdea"}}
{"__type":"$$EventMessageConfirm","confirm":"9703329d-ac10-4ab1-99f7-aba30f2d8e11","ts":"2025-08-01T02:42:28.973-04:00","source":{"id":"0","name":"eventBus"}}
{"__type":"$$EventMessageNode","id":"8105d86a-187c-4312-9a4f-e2dfa8f92afa","ts":"2025-08-01T02:42:28.983-04:00","eventName":"n8n.node.finished","message":"n8n.node.finished","payload":{"workflowId":"EwpXGnR8lwRJS9O4","workflowName":"authentication","executionId":"78","nodeType":"n8n-nodes-base.postgres","nodeName":"Execute a SQL query","nodeId":"c83a3706-98c4-4f98-895e-56467bd6cdea"}}
{"__type":"$$EventMessageConfirm","confirm":"8105d86a-187c-4312-9a4f-e2dfa8f92afa","ts":"2025-08-01T02:42:28.983-04:00","source":{"id":"0","name":"eventBus"}}
{"__type":"$$EventMessageWorkflow","id":"ea1b4ac0-bc2b-4b5c-a2da-fa8a2440ef51","ts":"2025-08-01T02:42:28.984-04:00","eventName":"n8n.workflow.success","message":"n8n.workflow.success","payload":{"userId":"b0559425-3fa0-463b-9321-4368bdcce78e","executionId":"78","success":true,"isManual":true,"workflowId":"EwpXGnR8lwRJS9O4","workflowName":"authentication"}}
{"__type":"$$EventMessageConfirm","confirm":"ea1b4ac0-bc2b-4b5c-a2da-fa8a2440ef51","ts":"2025-08-01T02:42:28.984-04:00","source":{"id":"0","name":"eventBus"}}
{"__type":"$$EventMessageWorkflow","id":"fd08e04b-53b1-494d-863d-785dbe8dc2d7","ts":"2025-08-01T02:44:31.326-04:00","eventName":"n8n.workflow.started","message":"n8n.workflow.started","payload":{"executionId":"79","workflowId":"EwpXGnR8lwRJS9O4","isManual":false,"workflowName":"authentication"}}
{"__type":"$$EventMessageConfirm","confirm":"fd08e04b-53b1-494d-863d-785dbe8dc2d7","ts":"2025-08-01T02:44:31.326-04:00","source":{"id":"0","name":"eventBus"}}
{"__type":"$$EventMessageNode","id":"32ba5fa0-7d78-43cd-a266-cbae598df30a","ts":"2025-08-01T02:44:31.327-04:00","eventName":"n8n.node.started","message":"n8n.node.started","payload":{"workflowId":"EwpXGnR8lwRJS9O4","workflowName":"authentication","executionId":"79","nodeType":"n8n-nodes-base.webhook","nodeName":"Register Webhook","nodeId":"e46fbcd1-0dbb-4c7a-bc03-fb1d3f3f534b"}}
{"__type":"$$EventMessageConfirm","confirm":"32ba5fa0-7d78-43cd-a266-cbae598df30a","ts":"2025-08-01T02:44:31.327-04:00","source":{"id":"0","name":"eventBus"}}
{"__type":"$$EventMessageNode","id":"92c7033c-0da5-4270-a4f1-00a7561bd332","ts":"2025-08-01T02:44:31.329-04:00","eventName":"n8n.node.finished","message":"n8n.node.finished","payload":{"workflowId":"EwpXGnR8lwRJS9O4","workflowName":"authentication","executionId":"79","nodeType":"n8n-nodes-base.webhook","nodeName":"Register Webhook","nodeId":"e46fbcd1-0dbb-4c7a-bc03-fb1d3f3f534b"}}
{"__type":"$$EventMessageConfirm","confirm":"92c7033c-0da5-4270-a4f1-00a7561bd332","ts":"2025-08-01T02:44:31.329-04:00","source":{"id":"0","name":"eventBus"}}
{"__type":"$$EventMessageNode","id":"0041168f-3a40-4305-8f82-52730e36bdfe","ts":"2025-08-01T02:44:31.330-04:00","eventName":"n8n.node.started","message":"n8n.node.started","payload":{"workflowId":"EwpXGnR8lwRJS9O4","workflowName":"authentication","executionId":"79","nodeType":"n8n-nodes-base.code","nodeName":"Code","nodeId":"e918c323-1978-4c7f-8968-05f3e91179cb"}}
{"__type":"$$EventMessageConfirm","confirm":"0041168f-3a40-4305-8f82-52730e36bdfe","ts":"2025-08-01T02:44:31.330-04:00","source":{"id":"0","name":"eventBus"}}
{"__type":"$$EventMessageNode","id":"8eda061e-6724-45ae-be27-bb6d28075aee","ts":"2025-08-01T02:44:31.343-04:00","eventName":"n8n.node.finished","message":"n8n.node.finished","payload":{"workflowId":"EwpXGnR8lwRJS9O4","workflowName":"authentication","executionId":"79","nodeType":"n8n-nodes-base.code","nodeName":"Code","nodeId":"e918c323-1978-4c7f-8968-05f3e91179cb"}}
{"__type":"$$EventMessageConfirm","confirm":"8eda061e-6724-45ae-be27-bb6d28075aee","ts":"2025-08-01T02:44:31.343-04:00","source":{"id":"0","name":"eventBus"}}
{"__type":"$$EventMessageWorkflow","id":"189e482b-54f7-41cb-aa0f-b1e7f41941ad","ts":"2025-08-01T02:44:31.344-04:00","eventName":"n8n.workflow.failed","message":"n8n.workflow.failed","payload":{"userId":"b0559425-3fa0-463b-9321-4368bdcce78e","executionId":"79","success":false,"isManual":true,"workflowId":"EwpXGnR8lwRJS9O4","workflowName":"authentication","lastNodeExecuted":"Code","errorNodeType":"n8n-nodes-base.code","errorMessage":"Cannot find module 'crypto' [line 1]"}}
{"__type":"$$EventMessageConfirm","confirm":"189e482b-54f7-41cb-aa0f-b1e7f41941ad","ts":"2025-08-01T02:44:31.344-04:00","source":{"id":"0","name":"eventBus"}}
{"__type":"$$EventMessageWorkflow","id":"ad5c956e-084c-4d13-a646-4cb203af417b","ts":"2025-08-01T02:45:24.166-04:00","eventName":"n8n.workflow.started","message":"n8n.workflow.started","payload":{"executionId":"80","workflowId":"EwpXGnR8lwRJS9O4","isManual":false,"workflowName":"authentication"}}
{"__type":"$$EventMessageConfirm","confirm":"ad5c956e-084c-4d13-a646-4cb203af417b","ts":"2025-08-01T02:45:24.166-04:00","source":{"id":"0","name":"eventBus"}}
{"__type":"$$EventMessageNode","id":"784aa28c-c1b6-4096-930c-a5a28d9f08b3","ts":"2025-08-01T02:45:24.166-04:00","eventName":"n8n.node.started","message":"n8n.node.started","payload":{"workflowId":"EwpXGnR8lwRJS9O4","workflowName":"authentication","executionId":"80","nodeType":"n8n-nodes-base.postgres","nodeName":"Select rows from a table","nodeId":"c83a3706-98c4-4f98-895e-56467bd6cdea"}}
{"__type":"$$EventMessageConfirm","confirm":"784aa28c-c1b6-4096-930c-a5a28d9f08b3","ts":"2025-08-01T02:45:24.166-04:00","source":{"id":"0","name":"eventBus"}}
{"__type":"$$EventMessageNode","id":"9111562b-b11b-4ba7-b68a-2502eac9a539","ts":"2025-08-01T02:45:24.175-04:00","eventName":"n8n.node.finished","message":"n8n.node.finished","payload":{"workflowId":"EwpXGnR8lwRJS9O4","workflowName":"authentication","executionId":"80","nodeType":"n8n-nodes-base.postgres","nodeName":"Select rows from a table","nodeId":"c83a3706-98c4-4f98-895e-56467bd6cdea"}}
{"__type":"$$EventMessageConfirm","confirm":"9111562b-b11b-4ba7-b68a-2502eac9a539","ts":"2025-08-01T02:45:24.175-04:00","source":{"id":"0","name":"eventBus"}}
{"__type":"$$EventMessageWorkflow","id":"49500345-4ee9-4b0c-9c1f-0d4c72116046","ts":"2025-08-01T02:45:24.176-04:00","eventName":"n8n.workflow.success","message":"n8n.workflow.success","payload":{"userId":"b0559425-3fa0-463b-9321-4368bdcce78e","executionId":"80","success":true,"isManual":true,"workflowId":"EwpXGnR8lwRJS9O4","workflowName":"authentication"}}
{"__type":"$$EventMessageConfirm","confirm":"49500345-4ee9-4b0c-9c1f-0d4c72116046","ts":"2025-08-01T02:45:24.176-04:00","source":{"id":"0","name":"eventBus"}}
{"__type":"$$EventMessageWorkflow","id":"b4c68072-dedd-4cb6-8458-539ee8e5ad5f","ts":"2025-08-01T02:45:30.904-04:00","eventName":"n8n.workflow.started","message":"n8n.workflow.started","payload":{"executionId":"81","workflowId":"EwpXGnR8lwRJS9O4","isManual":false,"workflowName":"authentication"}}
{"__type":"$$EventMessageConfirm","confirm":"b4c68072-dedd-4cb6-8458-539ee8e5ad5f","ts":"2025-08-01T02:45:30.904-04:00","source":{"id":"0","name":"eventBus"}}
{"__type":"$$EventMessageNode","id":"2cee360d-6388-4ef5-82ba-abd392573d9b","ts":"2025-08-01T02:45:30.905-04:00","eventName":"n8n.node.started","message":"n8n.node.started","payload":{"workflowId":"EwpXGnR8lwRJS9O4","workflowName":"authentication","executionId":"81","nodeType":"n8n-nodes-base.postgres","nodeName":"Select rows from a table","nodeId":"c83a3706-98c4-4f98-895e-56467bd6cdea"}}
{"__type":"$$EventMessageConfirm","confirm":"2cee360d-6388-4ef5-82ba-abd392573d9b","ts":"2025-08-01T02:45:30.905-04:00","source":{"id":"0","name":"eventBus"}}
{"__type":"$$EventMessageNode","id":"a09ac174-5226-4491-a927-3ce50009a2cc","ts":"2025-08-01T02:45:30.909-04:00","eventName":"n8n.node.finished","message":"n8n.node.finished","payload":{"workflowId":"EwpXGnR8lwRJS9O4","workflowName":"authentication","executionId":"81","nodeType":"n8n-nodes-base.postgres","nodeName":"Select rows from a table","nodeId":"c83a3706-98c4-4f98-895e-56467bd6cdea"}}
{"__type":"$$EventMessageConfirm","confirm":"a09ac174-5226-4491-a927-3ce50009a2cc","ts":"2025-08-01T02:45:30.909-04:00","source":{"id":"0","name":"eventBus"}}
{"__type":"$$EventMessageWorkflow","id":"c2d8b590-96ef-4259-96d0-14134fbf1c19","ts":"2025-08-01T02:45:30.911-04:00","eventName":"n8n.workflow.success","message":"n8n.workflow.success","payload":{"userId":"b0559425-3fa0-463b-9321-4368bdcce78e","executionId":"81","success":true,"isManual":true,"workflowId":"EwpXGnR8lwRJS9O4","workflowName":"authentication"}}
{"__type":"$$EventMessageConfirm","confirm":"c2d8b590-96ef-4259-96d0-14134fbf1c19","ts":"2025-08-01T02:45:30.912-04:00","source":{"id":"0","name":"eventBus"}}
{"__type":"$$EventMessageWorkflow","id":"fa71e65e-49ec-4ca5-b705-dfaf8280eccf","ts":"2025-08-01T02:45:36.182-04:00","eventName":"n8n.workflow.started","message":"n8n.workflow.started","payload":{"executionId":"82","workflowId":"EwpXGnR8lwRJS9O4","isManual":false,"workflowName":"authentication"}}
{"__type":"$$EventMessageConfirm","confirm":"fa71e65e-49ec-4ca5-b705-dfaf8280eccf","ts":"2025-08-01T02:45:36.182-04:00","source":{"id":"0","name":"eventBus"}}
{"__type":"$$EventMessageNode","id":"5b46a4da-c38b-41a2-bc03-2c559a0d0e95","ts":"2025-08-01T02:45:36.183-04:00","eventName":"n8n.node.started","message":"n8n.node.started","payload":{"workflowId":"EwpXGnR8lwRJS9O4","workflowName":"authentication","executionId":"82","nodeType":"n8n-nodes-base.postgres","nodeName":"Select rows from a table","nodeId":"c83a3706-98c4-4f98-895e-56467bd6cdea"}}
{"__type":"$$EventMessageConfirm","confirm":"5b46a4da-c38b-41a2-bc03-2c559a0d0e95","ts":"2025-08-01T02:45:36.183-04:00","source":{"id":"0","name":"eventBus"}}
{"__type":"$$EventMessageNode","id":"1c3f2f50-4756-40a1-8458-6f32dd513d38","ts":"2025-08-01T02:45:36.186-04:00","eventName":"n8n.node.finished","message":"n8n.node.finished","payload":{"workflowId":"EwpXGnR8lwRJS9O4","workflowName":"authentication","executionId":"82","nodeType":"n8n-nodes-base.postgres","nodeName":"Select rows from a table","nodeId":"c83a3706-98c4-4f98-895e-56467bd6cdea"}}
{"__type":"$$EventMessageConfirm","confirm":"1c3f2f50-4756-40a1-8458-6f32dd513d38","ts":"2025-08-01T02:45:36.186-04:00","source":{"id":"0","name":"eventBus"}}
{"__type":"$$EventMessageWorkflow","id":"39a9b19d-ca7b-4a2d-bac0-600ec802c5fd","ts":"2025-08-01T02:45:36.187-04:00","eventName":"n8n.workflow.success","message":"n8n.workflow.success","payload":{"userId":"b0559425-3fa0-463b-9321-4368bdcce78e","executionId":"82","success":true,"isManual":true,"workflowId":"EwpXGnR8lwRJS9O4","workflowName":"authentication"}}
{"__type":"$$EventMessageConfirm","confirm":"39a9b19d-ca7b-4a2d-bac0-600ec802c5fd","ts":"2025-08-01T02:45:36.187-04:00","source":{"id":"0","name":"eventBus"}}
{"__type":"$$EventMessageWorkflow","id":"469635a9-4a8b-455e-925d-7cd880f62004","ts":"2025-08-01T02:47:11.065-04:00","eventName":"n8n.workflow.started","message":"n8n.workflow.started","payload":{"executionId":"83","workflowId":"EwpXGnR8lwRJS9O4","isManual":false,"workflowName":"authentication"}}
{"__type":"$$EventMessageConfirm","confirm":"469635a9-4a8b-455e-925d-7cd880f62004","ts":"2025-08-01T02:47:11.065-04:00","source":{"id":"0","name":"eventBus"}}
{"__type":"$$EventMessageNode","id":"43c9c5ef-483e-47b9-bbc6-f0dd75fb14bf","ts":"2025-08-01T02:47:11.066-04:00","eventName":"n8n.node.started","message":"n8n.node.started","payload":{"workflowId":"EwpXGnR8lwRJS9O4","workflowName":"authentication","executionId":"83","nodeType":"n8n-nodes-base.postgres","nodeName":"Execute a SQL query","nodeId":"c83a3706-98c4-4f98-895e-56467bd6cdea"}}
{"__type":"$$EventMessageConfirm","confirm":"43c9c5ef-483e-47b9-bbc6-f0dd75fb14bf","ts":"2025-08-01T02:47:11.066-04:00","source":{"id":"0","name":"eventBus"}}
{"__type":"$$EventMessageNode","id":"6edb9296-f026-4579-9909-d7bcd4f82fca","ts":"2025-08-01T02:47:11.083-04:00","eventName":"n8n.node.finished","message":"n8n.node.finished","payload":{"workflowId":"EwpXGnR8lwRJS9O4","workflowName":"authentication","executionId":"83","nodeType":"n8n-nodes-base.postgres","nodeName":"Execute a SQL query","nodeId":"c83a3706-98c4-4f98-895e-56467bd6cdea"}}
{"__type":"$$EventMessageConfirm","confirm":"6edb9296-f026-4579-9909-d7bcd4f82fca","ts":"2025-08-01T02:47:11.083-04:00","source":{"id":"0","name":"eventBus"}}
{"__type":"$$EventMessageWorkflow","id":"d5c74b04-5290-4265-b5eb-b3acd7ba606d","ts":"2025-08-01T02:47:11.084-04:00","eventName":"n8n.workflow.success","message":"n8n.workflow.success","payload":{"userId":"b0559425-3fa0-463b-9321-4368bdcce78e","executionId":"83","success":true,"isManual":true,"workflowId":"EwpXGnR8lwRJS9O4","workflowName":"authentication"}}
{"__type":"$$EventMessageConfirm","confirm":"d5c74b04-5290-4265-b5eb-b3acd7ba606d","ts":"2025-08-01T02:47:11.084-04:00","source":{"id":"0","name":"eventBus"}}
{"__type":"$$EventMessageWorkflow","id":"4256329f-1f75-488a-9c34-57598180562c","ts":"2025-08-01T02:47:21.521-04:00","eventName":"n8n.workflow.started","message":"n8n.workflow.started","payload":{"executionId":"84","workflowId":"EwpXGnR8lwRJS9O4","isManual":false,"workflowName":"authentication"}}
{"__type":"$$EventMessageConfirm","confirm":"4256329f-1f75-488a-9c34-57598180562c","ts":"2025-08-01T02:47:21.521-04:00","source":{"id":"0","name":"eventBus"}}
{"__type":"$$EventMessageNode","id":"884459fb-6e29-4acc-a32d-108d9fbedc68","ts":"2025-08-01T02:47:21.521-04:00","eventName":"n8n.node.started","message":"n8n.node.started","payload":{"workflowId":"EwpXGnR8lwRJS9O4","workflowName":"authentication","executionId":"84","nodeType":"n8n-nodes-base.postgres","nodeName":"Select rows from a table","nodeId":"c83a3706-98c4-4f98-895e-56467bd6cdea"}}
{"__type":"$$EventMessageConfirm","confirm":"884459fb-6e29-4acc-a32d-108d9fbedc68","ts":"2025-08-01T02:47:21.521-04:00","source":{"id":"0","name":"eventBus"}}
{"__type":"$$EventMessageNode","id":"f4ea10e3-d392-4093-8f74-ec6c4479b5f0","ts":"2025-08-01T02:47:21.528-04:00","eventName":"n8n.node.finished","message":"n8n.node.finished","payload":{"workflowId":"EwpXGnR8lwRJS9O4","workflowName":"authentication","executionId":"84","nodeType":"n8n-nodes-base.postgres","nodeName":"Select rows from a table","nodeId":"c83a3706-98c4-4f98-895e-56467bd6cdea"}}
{"__type":"$$EventMessageConfirm","confirm":"f4ea10e3-d392-4093-8f74-ec6c4479b5f0","ts":"2025-08-01T02:47:21.528-04:00","source":{"id":"0","name":"eventBus"}}
{"__type":"$$EventMessageWorkflow","id":"bc48caf5-532f-43f0-82bd-34f5585cc710","ts":"2025-08-01T02:47:21.529-04:00","eventName":"n8n.workflow.success","message":"n8n.workflow.success","payload":{"userId":"b0559425-3fa0-463b-9321-4368bdcce78e","executionId":"84","success":true,"isManual":true,"workflowId":"EwpXGnR8lwRJS9O4","workflowName":"authentication"}}
{"__type":"$$EventMessageConfirm","confirm":"bc48caf5-532f-43f0-82bd-34f5585cc710","ts":"2025-08-01T02:47:21.529-04:00","source":{"id":"0","name":"eventBus"}}
{"__type":"$$EventMessageWorkflow","id":"07398303-b802-4014-a252-aaa7bd9aaf86","ts":"2025-08-01T02:48:07.542-04:00","eventName":"n8n.workflow.started","message":"n8n.workflow.started","payload":{"executionId":"85","workflowId":"EwpXGnR8lwRJS9O4","isManual":false,"workflowName":"authentication"}}
{"__type":"$$EventMessageConfirm","confirm":"07398303-b802-4014-a252-aaa7bd9aaf86","ts":"2025-08-01T02:48:07.542-04:00","source":{"id":"0","name":"eventBus"}}
{"__type":"$$EventMessageNode","id":"7137144a-2594-49f4-bbb8-be2cd0e84daa","ts":"2025-08-01T02:48:07.542-04:00","eventName":"n8n.node.started","message":"n8n.node.started","payload":{"workflowId":"EwpXGnR8lwRJS9O4","workflowName":"authentication","executionId":"85","nodeType":"n8n-nodes-base.postgres","nodeName":"Execute a SQL query","nodeId":"c83a3706-98c4-4f98-895e-56467bd6cdea"}}
{"__type":"$$EventMessageConfirm","confirm":"7137144a-2594-49f4-bbb8-be2cd0e84daa","ts":"2025-08-01T02:48:07.542-04:00","source":{"id":"0","name":"eventBus"}}
{"__type":"$$EventMessageNode","id":"edad24c4-5263-4997-b95e-249509e20ce2","ts":"2025-08-01T02:48:07.555-04:00","eventName":"n8n.node.finished","message":"n8n.node.finished","payload":{"workflowId":"EwpXGnR8lwRJS9O4","workflowName":"authentication","executionId":"85","nodeType":"n8n-nodes-base.postgres","nodeName":"Execute a SQL query","nodeId":"c83a3706-98c4-4f98-895e-56467bd6cdea"}}
{"__type":"$$EventMessageConfirm","confirm":"edad24c4-5263-4997-b95e-249509e20ce2","ts":"2025-08-01T02:48:07.555-04:00","source":{"id":"0","name":"eventBus"}}
{"__type":"$$EventMessageWorkflow","id":"c145e07a-2606-4289-8ae8-b98e846fa0c9","ts":"2025-08-01T02:48:07.556-04:00","eventName":"n8n.workflow.success","message":"n8n.workflow.success","payload":{"userId":"b0559425-3fa0-463b-9321-4368bdcce78e","executionId":"85","success":true,"isManual":true,"workflowId":"EwpXGnR8lwRJS9O4","workflowName":"authentication"}}
{"__type":"$$EventMessageConfirm","confirm":"c145e07a-2606-4289-8ae8-b98e846fa0c9","ts":"2025-08-01T02:48:07.556-04:00","source":{"id":"0","name":"eventBus"}}
{"__type":"$$EventMessageWorkflow","id":"9c90bef4-af5f-41c2-aee3-6b79826f06a9","ts":"2025-08-01T02:49:15.619-04:00","eventName":"n8n.workflow.started","message":"n8n.workflow.started","payload":{"executionId":"86","workflowId":"EwpXGnR8lwRJS9O4","isManual":false,"workflowName":"authentication"}}
{"__type":"$$EventMessageConfirm","confirm":"9c90bef4-af5f-41c2-aee3-6b79826f06a9","ts":"2025-08-01T02:49:15.620-04:00","source":{"id":"0","name":"eventBus"}}
{"__type":"$$EventMessageNode","id":"b527b215-cb95-40fd-b14c-183f0c2ba978","ts":"2025-08-01T02:49:15.620-04:00","eventName":"n8n.node.started","message":"n8n.node.started","payload":{"workflowId":"EwpXGnR8lwRJS9O4","workflowName":"authentication","executionId":"86","nodeType":"n8n-nodes-base.postgres","nodeName":"Execute a SQL query","nodeId":"c83a3706-98c4-4f98-895e-56467bd6cdea"}}
{"__type":"$$EventMessageConfirm","confirm":"b527b215-cb95-40fd-b14c-183f0c2ba978","ts":"2025-08-01T02:49:15.620-04:00","source":{"id":"0","name":"eventBus"}}
{"__type":"$$EventMessageNode","id":"2daab1b1-1b19-46cf-8c6b-71e87aef4ef7","ts":"2025-08-01T02:49:15.653-04:00","eventName":"n8n.node.finished","message":"n8n.node.finished","payload":{"workflowId":"EwpXGnR8lwRJS9O4","workflowName":"authentication","executionId":"86","nodeType":"n8n-nodes-base.postgres","nodeName":"Execute a SQL query","nodeId":"c83a3706-98c4-4f98-895e-56467bd6cdea"}}
{"__type":"$$EventMessageConfirm","confirm":"2daab1b1-1b19-46cf-8c6b-71e87aef4ef7","ts":"2025-08-01T02:49:15.653-04:00","source":{"id":"0","name":"eventBus"}}
{"__type":"$$EventMessageWorkflow","id":"da055fec-2d24-42bd-ae48-a5b0d2ed43b9","ts":"2025-08-01T02:49:15.654-04:00","eventName":"n8n.workflow.failed","message":"n8n.workflow.failed","payload":{"userId":"b0559425-3fa0-463b-9321-4368bdcce78e","executionId":"86","success":false,"isManual":true,"workflowId":"EwpXGnR8lwRJS9O4","workflowName":"authentication","lastNodeExecuted":"Execute a SQL query","errorNodeType":"n8n-nodes-base.postgres","errorMessage":"null value in column \"email\" of relation \"user\" violates not-null constraint"}}
{"__type":"$$EventMessageConfirm","confirm":"da055fec-2d24-42bd-ae48-a5b0d2ed43b9","ts":"2025-08-01T02:49:15.654-04:00","source":{"id":"0","name":"eventBus"}}
{"__type":"$$EventMessageWorkflow","id":"3560f45b-31e9-4155-ba03-02324b29d93c","ts":"2025-08-01T02:49:25.771-04:00","eventName":"n8n.workflow.started","message":"n8n.workflow.started","payload":{"executionId":"87","workflowId":"EwpXGnR8lwRJS9O4","isManual":false,"workflowName":"authentication"}}
{"__type":"$$EventMessageConfirm","confirm":"3560f45b-31e9-4155-ba03-02324b29d93c","ts":"2025-08-01T02:49:25.771-04:00","source":{"id":"0","name":"eventBus"}}
{"__type":"$$EventMessageNode","id":"f8ed2e75-e1e8-43fd-87e4-bada2bbbb846","ts":"2025-08-01T02:49:25.772-04:00","eventName":"n8n.node.started","message":"n8n.node.started","payload":{"workflowId":"EwpXGnR8lwRJS9O4","workflowName":"authentication","executionId":"87","nodeType":"n8n-nodes-base.postgres","nodeName":"Execute a SQL query","nodeId":"c83a3706-98c4-4f98-895e-56467bd6cdea"}}
{"__type":"$$EventMessageConfirm","confirm":"f8ed2e75-e1e8-43fd-87e4-bada2bbbb846","ts":"2025-08-01T02:49:25.772-04:00","source":{"id":"0","name":"eventBus"}}
{"__type":"$$EventMessageNode","id":"a73c8817-dc3f-432a-8822-8bd5a68ca42d","ts":"2025-08-01T02:49:25.800-04:00","eventName":"n8n.node.finished","message":"n8n.node.finished","payload":{"workflowId":"EwpXGnR8lwRJS9O4","workflowName":"authentication","executionId":"87","nodeType":"n8n-nodes-base.postgres","nodeName":"Execute a SQL query","nodeId":"c83a3706-98c4-4f98-895e-56467bd6cdea"}}
{"__type":"$$EventMessageConfirm","confirm":"a73c8817-dc3f-432a-8822-8bd5a68ca42d","ts":"2025-08-01T02:49:25.801-04:00","source":{"id":"0","name":"eventBus"}}
{"__type":"$$EventMessageWorkflow","id":"24189d63-feb3-4aec-851f-a4dcaac4f227","ts":"2025-08-01T02:49:25.803-04:00","eventName":"n8n.workflow.success","message":"n8n.workflow.success","payload":{"userId":"b0559425-3fa0-463b-9321-4368bdcce78e","executionId":"87","success":true,"isManual":true,"workflowId":"EwpXGnR8lwRJS9O4","workflowName":"authentication"}}
{"__type":"$$EventMessageConfirm","confirm":"24189d63-feb3-4aec-851f-a4dcaac4f227","ts":"2025-08-01T02:49:25.803-04:00","source":{"id":"0","name":"eventBus"}}
{"__type":"$$EventMessageWorkflow","id":"1901133a-d0df-4bd9-8b0c-a2270c25196d","ts":"2025-08-01T02:52:45.742-04:00","eventName":"n8n.workflow.started","message":"n8n.workflow.started","payload":{"executionId":"88","workflowId":"EwpXGnR8lwRJS9O4","isManual":false,"workflowName":"authentication"}}
{"__type":"$$EventMessageConfirm","confirm":"1901133a-d0df-4bd9-8b0c-a2270c25196d","ts":"2025-08-01T02:52:45.742-04:00","source":{"id":"0","name":"eventBus"}}
{"__type":"$$EventMessageNode","id":"8ef7ce9a-12fe-44d2-acbf-18fa6f4ae2fc","ts":"2025-08-01T02:52:45.742-04:00","eventName":"n8n.node.started","message":"n8n.node.started","payload":{"workflowId":"EwpXGnR8lwRJS9O4","workflowName":"authentication","executionId":"88","nodeType":"n8n-nodes-base.postgres","nodeName":"Execute a SQL query","nodeId":"c83a3706-98c4-4f98-895e-56467bd6cdea"}}
{"__type":"$$EventMessageConfirm","confirm":"8ef7ce9a-12fe-44d2-acbf-18fa6f4ae2fc","ts":"2025-08-01T02:52:45.742-04:00","source":{"id":"0","name":"eventBus"}}
{"__type":"$$EventMessageNode","id":"90f058d8-b0fa-480a-bc90-162ab972889a","ts":"2025-08-01T02:52:45.752-04:00","eventName":"n8n.node.finished","message":"n8n.node.finished","payload":{"workflowId":"EwpXGnR8lwRJS9O4","workflowName":"authentication","executionId":"88","nodeType":"n8n-nodes-base.postgres","nodeName":"Execute a SQL query","nodeId":"c83a3706-98c4-4f98-895e-56467bd6cdea"}}
{"__type":"$$EventMessageConfirm","confirm":"90f058d8-b0fa-480a-bc90-162ab972889a","ts":"2025-08-01T02:52:45.752-04:00","source":{"id":"0","name":"eventBus"}}
{"__type":"$$EventMessageWorkflow","id":"d29239b4-d0ad-4234-adc4-d81d15c788a0","ts":"2025-08-01T02:52:45.754-04:00","eventName":"n8n.workflow.success","message":"n8n.workflow.success","payload":{"userId":"b0559425-3fa0-463b-9321-4368bdcce78e","executionId":"88","success":true,"isManual":true,"workflowId":"EwpXGnR8lwRJS9O4","workflowName":"authentication"}}
{"__type":"$$EventMessageConfirm","confirm":"d29239b4-d0ad-4234-adc4-d81d15c788a0","ts":"2025-08-01T02:52:45.754-04:00","source":{"id":"0","name":"eventBus"}}
{"__type":"$$EventMessageWorkflow","id":"de93d73f-1f41-4a60-befc-e4b3d48412c6","ts":"2025-08-01T02:52:59.950-04:00","eventName":"n8n.workflow.started","message":"n8n.workflow.started","payload":{"executionId":"89","workflowId":"EwpXGnR8lwRJS9O4","isManual":false,"workflowName":"authentication"}}
{"__type":"$$EventMessageConfirm","confirm":"de93d73f-1f41-4a60-befc-e4b3d48412c6","ts":"2025-08-01T02:52:59.951-04:00","source":{"id":"0","name":"eventBus"}}
{"__type":"$$EventMessageNode","id":"aa0e6818-0088-46fc-8afe-44b40412ba2b","ts":"2025-08-01T02:52:59.951-04:00","eventName":"n8n.node.started","message":"n8n.node.started","payload":{"workflowId":"EwpXGnR8lwRJS9O4","workflowName":"authentication","executionId":"89","nodeType":"n8n-nodes-base.webhook","nodeName":"Register Webhook","nodeId":"e46fbcd1-0dbb-4c7a-bc03-fb1d3f3f534b"}}
{"__type":"$$EventMessageConfirm","confirm":"aa0e6818-0088-46fc-8afe-44b40412ba2b","ts":"2025-08-01T02:52:59.951-04:00","source":{"id":"0","name":"eventBus"}}
{"__type":"$$EventMessageNode","id":"d49237f9-9c42-4e5d-85b0-0a6011354187","ts":"2025-08-01T02:52:59.952-04:00","eventName":"n8n.node.finished","message":"n8n.node.finished","payload":{"workflowId":"EwpXGnR8lwRJS9O4","workflowName":"authentication","executionId":"89","nodeType":"n8n-nodes-base.webhook","nodeName":"Register Webhook","nodeId":"e46fbcd1-0dbb-4c7a-bc03-fb1d3f3f534b"}}
{"__type":"$$EventMessageConfirm","confirm":"d49237f9-9c42-4e5d-85b0-0a6011354187","ts":"2025-08-01T02:52:59.952-04:00","source":{"id":"0","name":"eventBus"}}
{"__type":"$$EventMessageNode","id":"5e0be579-c46e-4e6e-878b-a941fddc042a","ts":"2025-08-01T02:52:59.952-04:00","eventName":"n8n.node.started","message":"n8n.node.started","payload":{"workflowId":"EwpXGnR8lwRJS9O4","workflowName":"authentication","executionId":"89","nodeType":"n8n-nodes-base.code","nodeName":"Code","nodeId":"e918c323-1978-4c7f-8968-05f3e91179cb"}}
{"__type":"$$EventMessageConfirm","confirm":"5e0be579-c46e-4e6e-878b-a941fddc042a","ts":"2025-08-01T02:52:59.952-04:00","source":{"id":"0","name":"eventBus"}}
{"__type":"$$EventMessageNode","id":"77bc70fb-7cfd-4b47-9926-32d0494fa056","ts":"2025-08-01T02:52:59.956-04:00","eventName":"n8n.node.finished","message":"n8n.node.finished","payload":{"workflowId":"EwpXGnR8lwRJS9O4","workflowName":"authentication","executionId":"89","nodeType":"n8n-nodes-base.code","nodeName":"Code","nodeId":"e918c323-1978-4c7f-8968-05f3e91179cb"}}
{"__type":"$$EventMessageConfirm","confirm":"77bc70fb-7cfd-4b47-9926-32d0494fa056","ts":"2025-08-01T02:52:59.957-04:00","source":{"id":"0","name":"eventBus"}}
{"__type":"$$EventMessageWorkflow","id":"3896bb77-58be-4283-86cf-e488cb3b39af","ts":"2025-08-01T02:52:59.959-04:00","eventName":"n8n.workflow.failed","message":"n8n.workflow.failed","payload":{"userId":"b0559425-3fa0-463b-9321-4368bdcce78e","executionId":"89","success":false,"isManual":true,"workflowId":"EwpXGnR8lwRJS9O4","workflowName":"authentication","lastNodeExecuted":"Code","errorNodeType":"n8n-nodes-base.code","errorMessage":"Cannot find module 'crypto' [line 1]"}}
{"__type":"$$EventMessageConfirm","confirm":"3896bb77-58be-4283-86cf-e488cb3b39af","ts":"2025-08-01T02:52:59.959-04:00","source":{"id":"0","name":"eventBus"}}
{"__type":"$$EventMessageWorkflow","id":"caedb14d-e754-4f78-b9fe-7efb449d6f6a","ts":"2025-08-01T02:53:05.330-04:00","eventName":"n8n.workflow.started","message":"n8n.workflow.started","payload":{"executionId":"90","workflowId":"EwpXGnR8lwRJS9O4","isManual":false,"workflowName":"authentication"}}
{"__type":"$$EventMessageConfirm","confirm":"caedb14d-e754-4f78-b9fe-7efb449d6f6a","ts":"2025-08-01T02:53:05.330-04:00","source":{"id":"0","name":"eventBus"}}
{"__type":"$$EventMessageNode","id":"bec4e421-1902-480b-9fcf-33e0b37ce697","ts":"2025-08-01T02:53:05.331-04:00","eventName":"n8n.node.started","message":"n8n.node.started","payload":{"workflowId":"EwpXGnR8lwRJS9O4","workflowName":"authentication","executionId":"90","nodeType":"n8n-nodes-base.code","nodeName":"Code","nodeId":"e918c323-1978-4c7f-8968-05f3e91179cb"}}
{"__type":"$$EventMessageConfirm","confirm":"bec4e421-1902-480b-9fcf-33e0b37ce697","ts":"2025-08-01T02:53:05.331-04:00","source":{"id":"0","name":"eventBus"}}
{"__type":"$$EventMessageNode","id":"b1d5addc-b46b-402d-bb4a-2780dbde516d","ts":"2025-08-01T02:53:05.338-04:00","eventName":"n8n.node.finished","message":"n8n.node.finished","payload":{"workflowId":"EwpXGnR8lwRJS9O4","workflowName":"authentication","executionId":"90","nodeType":"n8n-nodes-base.code","nodeName":"Code","nodeId":"e918c323-1978-4c7f-8968-05f3e91179cb"}}
{"__type":"$$EventMessageConfirm","confirm":"b1d5addc-b46b-402d-bb4a-2780dbde516d","ts":"2025-08-01T02:53:05.338-04:00","source":{"id":"0","name":"eventBus"}}
{"__type":"$$EventMessageWorkflow","id":"d61733c9-8da7-4a49-819a-8d012a9ae982","ts":"2025-08-01T02:53:05.338-04:00","eventName":"n8n.workflow.failed","message":"n8n.workflow.failed","payload":{"userId":"b0559425-3fa0-463b-9321-4368bdcce78e","executionId":"90","success":false,"isManual":true,"workflowId":"EwpXGnR8lwRJS9O4","workflowName":"authentication","lastNodeExecuted":"Code","errorNodeType":"n8n-nodes-base.code","errorMessage":"Cannot find module 'crypto' [line 1]"}}
{"__type":"$$EventMessageConfirm","confirm":"d61733c9-8da7-4a49-819a-8d012a9ae982","ts":"2025-08-01T02:53:05.339-04:00","source":{"id":"0","name":"eventBus"}}
{"__type":"$$EventMessageWorkflow","id":"7144be5f-67cd-4de4-9dc2-83eacf2d7322","ts":"2025-08-01T02:53:50.816-04:00","eventName":"n8n.workflow.started","message":"n8n.workflow.started","payload":{"executionId":"91","workflowId":"EwpXGnR8lwRJS9O4","isManual":false,"workflowName":"authentication"}}
{"__type":"$$EventMessageConfirm","confirm":"7144be5f-67cd-4de4-9dc2-83eacf2d7322","ts":"2025-08-01T02:53:50.816-04:00","source":{"id":"0","name":"eventBus"}}
{"__type":"$$EventMessageNode","id":"259ff2f0-2bb6-49cf-90d2-529d08ba886d","ts":"2025-08-01T02:53:50.817-04:00","eventName":"n8n.node.started","message":"n8n.node.started","payload":{"workflowId":"EwpXGnR8lwRJS9O4","workflowName":"authentication","executionId":"91","nodeType":"n8n-nodes-base.postgres","nodeName":"Execute a SQL query","nodeId":"c83a3706-98c4-4f98-895e-56467bd6cdea"}}
{"__type":"$$EventMessageConfirm","confirm":"259ff2f0-2bb6-49cf-90d2-529d08ba886d","ts":"2025-08-01T02:53:50.817-04:00","source":{"id":"0","name":"eventBus"}}
{"__type":"$$EventMessageNode","id":"faff3bd1-fef3-455b-97e0-b42273186c59","ts":"2025-08-01T02:53:50.826-04:00","eventName":"n8n.node.finished","message":"n8n.node.finished","payload":{"workflowId":"EwpXGnR8lwRJS9O4","workflowName":"authentication","executionId":"91","nodeType":"n8n-nodes-base.postgres","nodeName":"Execute a SQL query","nodeId":"c83a3706-98c4-4f98-895e-56467bd6cdea"}}
{"__type":"$$EventMessageConfirm","confirm":"faff3bd1-fef3-455b-97e0-b42273186c59","ts":"2025-08-01T02:53:50.826-04:00","source":{"id":"0","name":"eventBus"}}
{"__type":"$$EventMessageWorkflow","id":"5127bede-a1ec-4c49-94a4-245d65a462ad","ts":"2025-08-01T02:53:50.827-04:00","eventName":"n8n.workflow.success","message":"n8n.workflow.success","payload":{"userId":"b0559425-3fa0-463b-9321-4368bdcce78e","executionId":"91","success":true,"isManual":true,"workflowId":"EwpXGnR8lwRJS9O4","workflowName":"authentication"}}
{"__type":"$$EventMessageConfirm","confirm":"5127bede-a1ec-4c49-94a4-245d65a462ad","ts":"2025-08-01T02:53:50.828-04:00","source":{"id":"0","name":"eventBus"}}
{"__type":"$$EventMessageAudit","id":"6a0c38ce-7a04-413f-9b82-6acd0ebc986f","ts":"2025-08-01T03:00:29.096-04:00","eventName":"n8n.audit.workflow.updated","message":"n8n.audit.workflow.updated","payload":{"userId":"b0559425-3fa0-463b-9321-4368bdcce78e","_email":"parag@smartshore.nl","_firstName":"Parag","_lastName":"Dangui","globalRole":"global:owner","workflowId":"EwpXGnR8lwRJS9O4","workflowName":"authentication"}}
{"__type":"$$EventMessageConfirm","confirm":"6a0c38ce-7a04-413f-9b82-6acd0ebc986f","ts":"2025-08-01T03:00:29.097-04:00","source":{"id":"0","name":"eventBus"}}
