{"__type":"$$EventMessageAudit","id":"8753d4c7-b271-494e-950c-d772a0415e65","ts":"2025-08-01T08:57:15.204+00:00","eventName":"n8n.audit.user.credentials.created","message":"n8n.audit.user.credentials.created","payload":{"userId":"b0559425-3fa0-463b-9321-4368bdcce78e","_email":"parag@smartshore.nl","_firstName":"Parag","_lastName":"Dangui","globalRole":"global:owner","credentialType":"mySql","credentialId":"0jQnQeP6XT9zW2E3","publicApi":false,"projectId":"arH9OhVUseISePQA","projectType":"personal"}}
{"__type":"$$EventMessageConfirm","confirm":"8753d4c7-b271-494e-950c-d772a0415e65","ts":"2025-08-01T08:57:15.204+00:00","source":{"id":"0","name":"eventBus"}}
{"__type":"$$EventMessageAudit","id":"ba6d52c6-6974-4635-ba8a-34d8e29f57b3","ts":"2025-08-01T08:57:54.342+00:00","eventName":"n8n.audit.user.credentials.updated","message":"n8n.audit.user.credentials.updated","payload":{"userId":"b0559425-3fa0-463b-9321-4368bdcce78e","_email":"parag@smartshore.nl","_firstName":"Parag","_lastName":"Dangui","globalRole":"global:owner","credentialType":"mySql","credentialId":"0jQnQeP6XT9zW2E3"}}
{"__type":"$$EventMessageConfirm","confirm":"ba6d52c6-6974-4635-ba8a-34d8e29f57b3","ts":"2025-08-01T08:57:54.342+00:00","source":{"id":"0","name":"eventBus"}}
{"__type":"$$EventMessageWorkflow","id":"52148125-abae-431c-9ce2-b64a31eae701","ts":"2025-08-01T08:58:33.553+00:00","eventName":"n8n.workflow.started","message":"n8n.workflow.started","payload":{"executionId":"92","workflowId":"EwpXGnR8lwRJS9O4","isManual":false,"workflowName":"authentication"}}
{"__type":"$$EventMessageConfirm","confirm":"52148125-abae-431c-9ce2-b64a31eae701","ts":"2025-08-01T08:58:33.553+00:00","source":{"id":"0","name":"eventBus"}}
{"__type":"$$EventMessageNode","id":"f3367148-e04a-4b9d-be15-a9531ac94725","ts":"2025-08-01T08:58:33.554+00:00","eventName":"n8n.node.started","message":"n8n.node.started","payload":{"workflowId":"EwpXGnR8lwRJS9O4","workflowName":"authentication","executionId":"92","nodeType":"n8n-nodes-base.mySql","nodeName":"Execute a SQL query","nodeId":"573d2056-d67d-4aa5-abd5-e6b6d0d5511c"}}
{"__type":"$$EventMessageConfirm","confirm":"f3367148-e04a-4b9d-be15-a9531ac94725","ts":"2025-08-01T08:58:33.554+00:00","source":{"id":"0","name":"eventBus"}}
{"__type":"$$EventMessageNode","id":"caed9018-6248-43fc-94ef-b3efcd8a6963","ts":"2025-08-01T08:58:33.562+00:00","eventName":"n8n.node.finished","message":"n8n.node.finished","payload":{"workflowId":"EwpXGnR8lwRJS9O4","workflowName":"authentication","executionId":"92","nodeType":"n8n-nodes-base.mySql","nodeName":"Execute a SQL query","nodeId":"573d2056-d67d-4aa5-abd5-e6b6d0d5511c"}}
{"__type":"$$EventMessageConfirm","confirm":"caed9018-6248-43fc-94ef-b3efcd8a6963","ts":"2025-08-01T08:58:33.562+00:00","source":{"id":"0","name":"eventBus"}}
{"__type":"$$EventMessageWorkflow","id":"d96940a0-c363-484c-bb94-890adedeea99","ts":"2025-08-01T08:58:33.564+00:00","eventName":"n8n.workflow.success","message":"n8n.workflow.success","payload":{"userId":"b0559425-3fa0-463b-9321-4368bdcce78e","executionId":"92","success":true,"isManual":true,"workflowId":"EwpXGnR8lwRJS9O4","workflowName":"authentication"}}
{"__type":"$$EventMessageConfirm","confirm":"d96940a0-c363-484c-bb94-890adedeea99","ts":"2025-08-01T08:58:33.564+00:00","source":{"id":"0","name":"eventBus"}}
{"__type":"$$EventMessageWorkflow","id":"992d4cc8-167e-4bae-bbaf-c25c2c6b51f7","ts":"2025-08-01T05:00:32.944-04:00","eventName":"n8n.workflow.started","message":"n8n.workflow.started","payload":{"executionId":"93","workflowId":"EwpXGnR8lwRJS9O4","isManual":false,"workflowName":"authentication"}}
{"__type":"$$EventMessageConfirm","confirm":"992d4cc8-167e-4bae-bbaf-c25c2c6b51f7","ts":"2025-08-01T05:00:32.944-04:00","source":{"id":"0","name":"eventBus"}}
{"__type":"$$EventMessageNode","id":"09c32c35-3e61-445e-b130-1e99ed5f2a3b","ts":"2025-08-01T05:00:32.945-04:00","eventName":"n8n.node.started","message":"n8n.node.started","payload":{"workflowId":"EwpXGnR8lwRJS9O4","workflowName":"authentication","executionId":"93","nodeType":"n8n-nodes-base.webhook","nodeName":"Register Webhook","nodeId":"e46fbcd1-0dbb-4c7a-bc03-fb1d3f3f534b"}}
{"__type":"$$EventMessageConfirm","confirm":"09c32c35-3e61-445e-b130-1e99ed5f2a3b","ts":"2025-08-01T05:00:32.945-04:00","source":{"id":"0","name":"eventBus"}}
{"__type":"$$EventMessageNode","id":"19287fba-c2d0-4c0f-98c8-c78d9e533aed","ts":"2025-08-01T05:00:32.945-04:00","eventName":"n8n.node.finished","message":"n8n.node.finished","payload":{"workflowId":"EwpXGnR8lwRJS9O4","workflowName":"authentication","executionId":"93","nodeType":"n8n-nodes-base.webhook","nodeName":"Register Webhook","nodeId":"e46fbcd1-0dbb-4c7a-bc03-fb1d3f3f534b"}}
{"__type":"$$EventMessageConfirm","confirm":"19287fba-c2d0-4c0f-98c8-c78d9e533aed","ts":"2025-08-01T05:00:32.945-04:00","source":{"id":"0","name":"eventBus"}}
{"__type":"$$EventMessageWorkflow","id":"8d0ea6c3-6c7b-404d-b603-fe16812c8b0d","ts":"2025-08-01T05:00:32.947-04:00","eventName":"n8n.workflow.success","message":"n8n.workflow.success","payload":{"executionId":"93","success":true,"isManual":true,"workflowId":"EwpXGnR8lwRJS9O4","workflowName":"authentication"}}
{"__type":"$$EventMessageConfirm","confirm":"8d0ea6c3-6c7b-404d-b603-fe16812c8b0d","ts":"2025-08-01T05:00:32.947-04:00","source":{"id":"0","name":"eventBus"}}
{"__type":"$$EventMessageWorkflow","id":"6ff31939-0e68-4153-8062-e44ec1c02a8d","ts":"2025-08-01T05:03:55.580-04:00","eventName":"n8n.workflow.started","message":"n8n.workflow.started","payload":{"executionId":"94","workflowId":"EwpXGnR8lwRJS9O4","isManual":false,"workflowName":"authentication"}}
{"__type":"$$EventMessageConfirm","confirm":"6ff31939-0e68-4153-8062-e44ec1c02a8d","ts":"2025-08-01T05:03:55.580-04:00","source":{"id":"0","name":"eventBus"}}
{"__type":"$$EventMessageNode","id":"81c86a23-6bc9-4fd8-84c1-a1e1b3e59298","ts":"2025-08-01T05:03:55.580-04:00","eventName":"n8n.node.started","message":"n8n.node.started","payload":{"workflowId":"EwpXGnR8lwRJS9O4","workflowName":"authentication","executionId":"94","nodeType":"n8n-nodes-base.webhook","nodeName":"Register Webhook","nodeId":"e46fbcd1-0dbb-4c7a-bc03-fb1d3f3f534b"}}
{"__type":"$$EventMessageConfirm","confirm":"81c86a23-6bc9-4fd8-84c1-a1e1b3e59298","ts":"2025-08-01T05:03:55.580-04:00","source":{"id":"0","name":"eventBus"}}
{"__type":"$$EventMessageNode","id":"87180fa5-38a1-4c99-8e2a-c2423359ad6d","ts":"2025-08-01T05:03:55.580-04:00","eventName":"n8n.node.finished","message":"n8n.node.finished","payload":{"workflowId":"EwpXGnR8lwRJS9O4","workflowName":"authentication","executionId":"94","nodeType":"n8n-nodes-base.webhook","nodeName":"Register Webhook","nodeId":"e46fbcd1-0dbb-4c7a-bc03-fb1d3f3f534b"}}
{"__type":"$$EventMessageConfirm","confirm":"87180fa5-38a1-4c99-8e2a-c2423359ad6d","ts":"2025-08-01T05:03:55.580-04:00","source":{"id":"0","name":"eventBus"}}
{"__type":"$$EventMessageWorkflow","id":"4c69f480-cb07-4c2a-b626-e09cd37cd92d","ts":"2025-08-01T05:03:55.581-04:00","eventName":"n8n.workflow.success","message":"n8n.workflow.success","payload":{"executionId":"94","success":true,"isManual":true,"workflowId":"EwpXGnR8lwRJS9O4","workflowName":"authentication"}}
{"__type":"$$EventMessageConfirm","confirm":"4c69f480-cb07-4c2a-b626-e09cd37cd92d","ts":"2025-08-01T05:03:55.581-04:00","source":{"id":"0","name":"eventBus"}}
{"__type":"$$EventMessageWorkflow","id":"b182d9d3-647a-4d69-8ae3-40baa79be9fb","ts":"2025-08-01T05:04:56.641-04:00","eventName":"n8n.workflow.started","message":"n8n.workflow.started","payload":{"executionId":"95","workflowId":"EwpXGnR8lwRJS9O4","isManual":false,"workflowName":"authentication"}}
{"__type":"$$EventMessageConfirm","confirm":"b182d9d3-647a-4d69-8ae3-40baa79be9fb","ts":"2025-08-01T05:04:56.641-04:00","source":{"id":"0","name":"eventBus"}}
{"__type":"$$EventMessageNode","id":"e822baf6-2449-4ca4-a82e-7ddc4e0c61c5","ts":"2025-08-01T05:04:56.642-04:00","eventName":"n8n.node.started","message":"n8n.node.started","payload":{"workflowId":"EwpXGnR8lwRJS9O4","workflowName":"authentication","executionId":"95","nodeType":"n8n-nodes-base.code","nodeName":"Code","nodeId":"e918c323-1978-4c7f-8968-05f3e91179cb"}}
{"__type":"$$EventMessageConfirm","confirm":"e822baf6-2449-4ca4-a82e-7ddc4e0c61c5","ts":"2025-08-01T05:04:56.642-04:00","source":{"id":"0","name":"eventBus"}}
{"__type":"$$EventMessageNode","id":"236b3b65-ff83-46b7-aaa9-5a5bc35b11f4","ts":"2025-08-01T05:04:56.666-04:00","eventName":"n8n.node.finished","message":"n8n.node.finished","payload":{"workflowId":"EwpXGnR8lwRJS9O4","workflowName":"authentication","executionId":"95","nodeType":"n8n-nodes-base.code","nodeName":"Code","nodeId":"e918c323-1978-4c7f-8968-05f3e91179cb"}}
{"__type":"$$EventMessageConfirm","confirm":"236b3b65-ff83-46b7-aaa9-5a5bc35b11f4","ts":"2025-08-01T05:04:56.666-04:00","source":{"id":"0","name":"eventBus"}}
{"__type":"$$EventMessageWorkflow","id":"7b9bbc19-8dc0-4406-9216-96c808f625d3","ts":"2025-08-01T05:04:56.667-04:00","eventName":"n8n.workflow.failed","message":"n8n.workflow.failed","payload":{"userId":"b0559425-3fa0-463b-9321-4368bdcce78e","executionId":"95","success":false,"isManual":true,"workflowId":"EwpXGnR8lwRJS9O4","workflowName":"authentication","lastNodeExecuted":"Code","errorNodeType":"n8n-nodes-base.code","errorMessage":"Code doesn't return items properly"}}
{"__type":"$$EventMessageConfirm","confirm":"7b9bbc19-8dc0-4406-9216-96c808f625d3","ts":"2025-08-01T05:04:56.667-04:00","source":{"id":"0","name":"eventBus"}}
{"__type":"$$EventMessageWorkflow","id":"819cd499-6383-491e-a474-5bc6187e4e77","ts":"2025-08-01T05:05:14.479-04:00","eventName":"n8n.workflow.started","message":"n8n.workflow.started","payload":{"executionId":"96","workflowId":"EwpXGnR8lwRJS9O4","isManual":false,"workflowName":"authentication"}}
{"__type":"$$EventMessageConfirm","confirm":"819cd499-6383-491e-a474-5bc6187e4e77","ts":"2025-08-01T05:05:14.480-04:00","source":{"id":"0","name":"eventBus"}}
{"__type":"$$EventMessageNode","id":"1f27cb87-ee82-435c-9a32-e051d4f9bc07","ts":"2025-08-01T05:05:14.480-04:00","eventName":"n8n.node.started","message":"n8n.node.started","payload":{"workflowId":"EwpXGnR8lwRJS9O4","workflowName":"authentication","executionId":"96","nodeType":"n8n-nodes-base.code","nodeName":"Code","nodeId":"e918c323-1978-4c7f-8968-05f3e91179cb"}}
{"__type":"$$EventMessageConfirm","confirm":"1f27cb87-ee82-435c-9a32-e051d4f9bc07","ts":"2025-08-01T05:05:14.480-04:00","source":{"id":"0","name":"eventBus"}}
{"__type":"$$EventMessageNode","id":"2e68974f-1d83-468c-99b3-35a7fa67b211","ts":"2025-08-01T05:05:14.487-04:00","eventName":"n8n.node.finished","message":"n8n.node.finished","payload":{"workflowId":"EwpXGnR8lwRJS9O4","workflowName":"authentication","executionId":"96","nodeType":"n8n-nodes-base.code","nodeName":"Code","nodeId":"e918c323-1978-4c7f-8968-05f3e91179cb"}}
{"__type":"$$EventMessageConfirm","confirm":"2e68974f-1d83-468c-99b3-35a7fa67b211","ts":"2025-08-01T05:05:14.487-04:00","source":{"id":"0","name":"eventBus"}}
{"__type":"$$EventMessageWorkflow","id":"831248ba-a0d5-46f4-9225-08385f288f55","ts":"2025-08-01T05:05:14.492-04:00","eventName":"n8n.workflow.success","message":"n8n.workflow.success","payload":{"userId":"b0559425-3fa0-463b-9321-4368bdcce78e","executionId":"96","success":true,"isManual":true,"workflowId":"EwpXGnR8lwRJS9O4","workflowName":"authentication"}}
{"__type":"$$EventMessageConfirm","confirm":"831248ba-a0d5-46f4-9225-08385f288f55","ts":"2025-08-01T05:05:14.492-04:00","source":{"id":"0","name":"eventBus"}}
{"__type":"$$EventMessageAudit","id":"6970b5b3-0713-4818-8c0b-023038b2ef4d","ts":"2025-08-01T05:08:10.702-04:00","eventName":"n8n.audit.workflow.updated","message":"n8n.audit.workflow.updated","payload":{"userId":"b0559425-3fa0-463b-9321-4368bdcce78e","_email":"parag@smartshore.nl","_firstName":"Parag","_lastName":"Dangui","globalRole":"global:owner","workflowId":"EwpXGnR8lwRJS9O4","workflowName":"authentication"}}
{"__type":"$$EventMessageConfirm","confirm":"6970b5b3-0713-4818-8c0b-023038b2ef4d","ts":"2025-08-01T05:08:10.703-04:00","source":{"id":"0","name":"eventBus"}}
{"__type":"$$EventMessageAudit","id":"0a0dad79-aa35-4a11-ab44-ebd43cee92b1","ts":"2025-08-01T05:08:19.074-04:00","eventName":"n8n.audit.workflow.updated","message":"n8n.audit.workflow.updated","payload":{"userId":"b0559425-3fa0-463b-9321-4368bdcce78e","_email":"parag@smartshore.nl","_firstName":"Parag","_lastName":"Dangui","globalRole":"global:owner","workflowId":"EwpXGnR8lwRJS9O4","workflowName":"authentication"}}
{"__type":"$$EventMessageConfirm","confirm":"0a0dad79-aa35-4a11-ab44-ebd43cee92b1","ts":"2025-08-01T05:08:19.074-04:00","source":{"id":"0","name":"eventBus"}}
{"__type":"$$EventMessageWorkflow","id":"2a63fb2d-9d67-4488-a91f-e1e78d711a04","ts":"2025-08-01T05:08:20.862-04:00","eventName":"n8n.workflow.started","message":"n8n.workflow.started","payload":{"executionId":"97","workflowId":"EwpXGnR8lwRJS9O4","isManual":false,"workflowName":"authentication"}}
{"__type":"$$EventMessageConfirm","confirm":"2a63fb2d-9d67-4488-a91f-e1e78d711a04","ts":"2025-08-01T05:08:20.862-04:00","source":{"id":"0","name":"eventBus"}}
{"__type":"$$EventMessageNode","id":"486fe475-ae3c-454f-9df3-deea2e99470f","ts":"2025-08-01T05:08:20.862-04:00","eventName":"n8n.node.started","message":"n8n.node.started","payload":{"workflowId":"EwpXGnR8lwRJS9O4","workflowName":"authentication","executionId":"97","nodeType":"n8n-nodes-base.webhook","nodeName":"Register Webhook","nodeId":"e46fbcd1-0dbb-4c7a-bc03-fb1d3f3f534b"}}
{"__type":"$$EventMessageConfirm","confirm":"486fe475-ae3c-454f-9df3-deea2e99470f","ts":"2025-08-01T05:08:20.862-04:00","source":{"id":"0","name":"eventBus"}}
{"__type":"$$EventMessageNode","id":"4a2e8209-82f0-41b3-bfbe-8ec6be31adc2","ts":"2025-08-01T05:08:20.863-04:00","eventName":"n8n.node.finished","message":"n8n.node.finished","payload":{"workflowId":"EwpXGnR8lwRJS9O4","workflowName":"authentication","executionId":"97","nodeType":"n8n-nodes-base.webhook","nodeName":"Register Webhook","nodeId":"e46fbcd1-0dbb-4c7a-bc03-fb1d3f3f534b"}}
{"__type":"$$EventMessageConfirm","confirm":"4a2e8209-82f0-41b3-bfbe-8ec6be31adc2","ts":"2025-08-01T05:08:20.863-04:00","source":{"id":"0","name":"eventBus"}}
{"__type":"$$EventMessageNode","id":"b25a1207-99be-4666-a22b-521e5aae324d","ts":"2025-08-01T05:08:20.863-04:00","eventName":"n8n.node.started","message":"n8n.node.started","payload":{"workflowId":"EwpXGnR8lwRJS9O4","workflowName":"authentication","executionId":"97","nodeType":"n8n-nodes-base.code","nodeName":"Code","nodeId":"e918c323-1978-4c7f-8968-05f3e91179cb"}}
{"__type":"$$EventMessageConfirm","confirm":"b25a1207-99be-4666-a22b-521e5aae324d","ts":"2025-08-01T05:08:20.863-04:00","source":{"id":"0","name":"eventBus"}}
{"__type":"$$EventMessageNode","id":"ee7e5e4a-a255-4e40-b047-7f2928952b31","ts":"2025-08-01T05:08:20.865-04:00","eventName":"n8n.node.finished","message":"n8n.node.finished","payload":{"workflowId":"EwpXGnR8lwRJS9O4","workflowName":"authentication","executionId":"97","nodeType":"n8n-nodes-base.code","nodeName":"Code","nodeId":"e918c323-1978-4c7f-8968-05f3e91179cb"}}
{"__type":"$$EventMessageConfirm","confirm":"ee7e5e4a-a255-4e40-b047-7f2928952b31","ts":"2025-08-01T05:08:20.865-04:00","source":{"id":"0","name":"eventBus"}}
{"__type":"$$EventMessageNode","id":"0a92c1f7-ed34-47ae-8284-b7a96a52063f","ts":"2025-08-01T05:08:20.866-04:00","eventName":"n8n.node.started","message":"n8n.node.started","payload":{"workflowId":"EwpXGnR8lwRJS9O4","workflowName":"authentication","executionId":"97","nodeType":"n8n-nodes-base.mySql","nodeName":"Insert rows in a table","nodeId":"573d2056-d67d-4aa5-abd5-e6b6d0d5511c"}}
{"__type":"$$EventMessageConfirm","confirm":"0a92c1f7-ed34-47ae-8284-b7a96a52063f","ts":"2025-08-01T05:08:20.866-04:00","source":{"id":"0","name":"eventBus"}}
{"__type":"$$EventMessageNode","id":"d47cafc5-2da0-472d-9c4b-587ac766d0a8","ts":"2025-08-01T05:08:20.876-04:00","eventName":"n8n.node.finished","message":"n8n.node.finished","payload":{"workflowId":"EwpXGnR8lwRJS9O4","workflowName":"authentication","executionId":"97","nodeType":"n8n-nodes-base.mySql","nodeName":"Insert rows in a table","nodeId":"573d2056-d67d-4aa5-abd5-e6b6d0d5511c"}}
{"__type":"$$EventMessageConfirm","confirm":"d47cafc5-2da0-472d-9c4b-587ac766d0a8","ts":"2025-08-01T05:08:20.876-04:00","source":{"id":"0","name":"eventBus"}}
{"__type":"$$EventMessageWorkflow","id":"fc48dfe5-e752-4bfd-b5ed-03325631a143","ts":"2025-08-01T05:08:20.876-04:00","eventName":"n8n.workflow.failed","message":"n8n.workflow.failed","payload":{"executionId":"97","success":false,"isManual":false,"workflowId":"EwpXGnR8lwRJS9O4","workflowName":"authentication","lastNodeExecuted":"Insert rows in a table","errorNodeType":"n8n-nodes-base.mySql","errorMessage":"Field 'email' doesn't have a default value"}}
{"__type":"$$EventMessageConfirm","confirm":"fc48dfe5-e752-4bfd-b5ed-03325631a143","ts":"2025-08-01T05:08:20.876-04:00","source":{"id":"0","name":"eventBus"}}
{"__type":"$$EventMessageWorkflow","id":"5ad08ffc-6f13-434b-8c24-b0ad03bc8aeb","ts":"2025-08-01T05:09:39.588-04:00","eventName":"n8n.workflow.started","message":"n8n.workflow.started","payload":{"executionId":"98","workflowId":"EwpXGnR8lwRJS9O4","isManual":false,"workflowName":"authentication"}}
{"__type":"$$EventMessageConfirm","confirm":"5ad08ffc-6f13-434b-8c24-b0ad03bc8aeb","ts":"2025-08-01T05:09:39.588-04:00","source":{"id":"0","name":"eventBus"}}
{"__type":"$$EventMessageNode","id":"aa1c6066-0f9b-45a1-8a0c-c0ffb9f1c97a","ts":"2025-08-01T05:09:39.589-04:00","eventName":"n8n.node.started","message":"n8n.node.started","payload":{"workflowId":"EwpXGnR8lwRJS9O4","workflowName":"authentication","executionId":"98","nodeType":"n8n-nodes-base.webhook","nodeName":"Register Webhook","nodeId":"e46fbcd1-0dbb-4c7a-bc03-fb1d3f3f534b"}}
{"__type":"$$EventMessageConfirm","confirm":"aa1c6066-0f9b-45a1-8a0c-c0ffb9f1c97a","ts":"2025-08-01T05:09:39.589-04:00","source":{"id":"0","name":"eventBus"}}
{"__type":"$$EventMessageNode","id":"ef282900-d3e6-4e18-8dd0-a0e60d85ebb3","ts":"2025-08-01T05:09:39.590-04:00","eventName":"n8n.node.finished","message":"n8n.node.finished","payload":{"workflowId":"EwpXGnR8lwRJS9O4","workflowName":"authentication","executionId":"98","nodeType":"n8n-nodes-base.webhook","nodeName":"Register Webhook","nodeId":"e46fbcd1-0dbb-4c7a-bc03-fb1d3f3f534b"}}
{"__type":"$$EventMessageConfirm","confirm":"ef282900-d3e6-4e18-8dd0-a0e60d85ebb3","ts":"2025-08-01T05:09:39.590-04:00","source":{"id":"0","name":"eventBus"}}
{"__type":"$$EventMessageNode","id":"a78b2b02-ed82-429f-b25b-aeb68518b301","ts":"2025-08-01T05:09:39.590-04:00","eventName":"n8n.node.started","message":"n8n.node.started","payload":{"workflowId":"EwpXGnR8lwRJS9O4","workflowName":"authentication","executionId":"98","nodeType":"n8n-nodes-base.code","nodeName":"Code","nodeId":"e918c323-1978-4c7f-8968-05f3e91179cb"}}
{"__type":"$$EventMessageConfirm","confirm":"a78b2b02-ed82-429f-b25b-aeb68518b301","ts":"2025-08-01T05:09:39.590-04:00","source":{"id":"0","name":"eventBus"}}
{"__type":"$$EventMessageNode","id":"84a64d9f-2d92-49fb-bb86-169373125a8e","ts":"2025-08-01T05:09:39.598-04:00","eventName":"n8n.node.finished","message":"n8n.node.finished","payload":{"workflowId":"EwpXGnR8lwRJS9O4","workflowName":"authentication","executionId":"98","nodeType":"n8n-nodes-base.code","nodeName":"Code","nodeId":"e918c323-1978-4c7f-8968-05f3e91179cb"}}
{"__type":"$$EventMessageConfirm","confirm":"84a64d9f-2d92-49fb-bb86-169373125a8e","ts":"2025-08-01T05:09:39.598-04:00","source":{"id":"0","name":"eventBus"}}
{"__type":"$$EventMessageNode","id":"8088fae4-7600-4841-b005-1e2548d74357","ts":"2025-08-01T05:09:39.598-04:00","eventName":"n8n.node.started","message":"n8n.node.started","payload":{"workflowId":"EwpXGnR8lwRJS9O4","workflowName":"authentication","executionId":"98","nodeType":"n8n-nodes-base.mySql","nodeName":"Insert rows in a table","nodeId":"573d2056-d67d-4aa5-abd5-e6b6d0d5511c"}}
{"__type":"$$EventMessageConfirm","confirm":"8088fae4-7600-4841-b005-1e2548d74357","ts":"2025-08-01T05:09:39.598-04:00","source":{"id":"0","name":"eventBus"}}
{"__type":"$$EventMessageNode","id":"9b1c65ec-2f45-4330-a89b-75910d70913c","ts":"2025-08-01T05:09:39.602-04:00","eventName":"n8n.node.finished","message":"n8n.node.finished","payload":{"workflowId":"EwpXGnR8lwRJS9O4","workflowName":"authentication","executionId":"98","nodeType":"n8n-nodes-base.mySql","nodeName":"Insert rows in a table","nodeId":"573d2056-d67d-4aa5-abd5-e6b6d0d5511c"}}
{"__type":"$$EventMessageConfirm","confirm":"9b1c65ec-2f45-4330-a89b-75910d70913c","ts":"2025-08-01T05:09:39.602-04:00","source":{"id":"0","name":"eventBus"}}
{"__type":"$$EventMessageWorkflow","id":"6a1b1f00-90bb-4bfd-858c-d319c348894d","ts":"2025-08-01T05:09:39.602-04:00","eventName":"n8n.workflow.failed","message":"n8n.workflow.failed","payload":{"executionId":"98","success":false,"isManual":false,"workflowId":"EwpXGnR8lwRJS9O4","workflowName":"authentication","lastNodeExecuted":"Insert rows in a table","errorNodeType":"n8n-nodes-base.mySql","errorMessage":"Field 'email' doesn't have a default value"}}
{"__type":"$$EventMessageConfirm","confirm":"6a1b1f00-90bb-4bfd-858c-d319c348894d","ts":"2025-08-01T05:09:39.602-04:00","source":{"id":"0","name":"eventBus"}}
{"__type":"$$EventMessageWorkflow","id":"48e859ae-320e-4b4d-8c8b-6d62092fed13","ts":"2025-08-01T05:11:04.474-04:00","eventName":"n8n.workflow.started","message":"n8n.workflow.started","payload":{"executionId":"99","workflowId":"EwpXGnR8lwRJS9O4","isManual":false,"workflowName":"authentication"}}
{"__type":"$$EventMessageConfirm","confirm":"48e859ae-320e-4b4d-8c8b-6d62092fed13","ts":"2025-08-01T05:11:04.475-04:00","source":{"id":"0","name":"eventBus"}}
{"__type":"$$EventMessageNode","id":"007315d7-a0d6-4d88-aee5-6d6ba718c895","ts":"2025-08-01T05:11:04.476-04:00","eventName":"n8n.node.started","message":"n8n.node.started","payload":{"workflowId":"EwpXGnR8lwRJS9O4","workflowName":"authentication","executionId":"99","nodeType":"n8n-nodes-base.mySql","nodeName":"Insert rows in a table","nodeId":"573d2056-d67d-4aa5-abd5-e6b6d0d5511c"}}
{"__type":"$$EventMessageConfirm","confirm":"007315d7-a0d6-4d88-aee5-6d6ba718c895","ts":"2025-08-01T05:11:04.476-04:00","source":{"id":"0","name":"eventBus"}}
{"__type":"$$EventMessageNode","id":"fd876905-7dc0-47d6-8554-7b14079f8c17","ts":"2025-08-01T05:11:04.488-04:00","eventName":"n8n.node.finished","message":"n8n.node.finished","payload":{"workflowId":"EwpXGnR8lwRJS9O4","workflowName":"authentication","executionId":"99","nodeType":"n8n-nodes-base.mySql","nodeName":"Insert rows in a table","nodeId":"573d2056-d67d-4aa5-abd5-e6b6d0d5511c"}}
{"__type":"$$EventMessageConfirm","confirm":"fd876905-7dc0-47d6-8554-7b14079f8c17","ts":"2025-08-01T05:11:04.488-04:00","source":{"id":"0","name":"eventBus"}}
{"__type":"$$EventMessageWorkflow","id":"79fff55c-af40-4bbd-9581-32f0e33900f9","ts":"2025-08-01T05:11:04.489-04:00","eventName":"n8n.workflow.failed","message":"n8n.workflow.failed","payload":{"userId":"b0559425-3fa0-463b-9321-4368bdcce78e","executionId":"99","success":false,"isManual":true,"workflowId":"EwpXGnR8lwRJS9O4","workflowName":"authentication","lastNodeExecuted":"Insert rows in a table","errorNodeType":"n8n-nodes-base.mySql","errorMessage":"Field 'email' doesn't have a default value"}}
{"__type":"$$EventMessageConfirm","confirm":"79fff55c-af40-4bbd-9581-32f0e33900f9","ts":"2025-08-01T05:11:04.489-04:00","source":{"id":"0","name":"eventBus"}}
{"__type":"$$EventMessageWorkflow","id":"c31bc5fa-8694-413e-ab59-b2dd577c0d7b","ts":"2025-08-01T05:11:42.858-04:00","eventName":"n8n.workflow.started","message":"n8n.workflow.started","payload":{"executionId":"100","workflowId":"EwpXGnR8lwRJS9O4","isManual":false,"workflowName":"authentication"}}
{"__type":"$$EventMessageConfirm","confirm":"c31bc5fa-8694-413e-ab59-b2dd577c0d7b","ts":"2025-08-01T05:11:42.859-04:00","source":{"id":"0","name":"eventBus"}}
{"__type":"$$EventMessageNode","id":"a85c5bcf-245d-42dd-af48-cebe2923c067","ts":"2025-08-01T05:11:42.860-04:00","eventName":"n8n.node.started","message":"n8n.node.started","payload":{"workflowId":"EwpXGnR8lwRJS9O4","workflowName":"authentication","executionId":"100","nodeType":"n8n-nodes-base.code","nodeName":"Code","nodeId":"e918c323-1978-4c7f-8968-05f3e91179cb"}}
{"__type":"$$EventMessageConfirm","confirm":"a85c5bcf-245d-42dd-af48-cebe2923c067","ts":"2025-08-01T05:11:42.860-04:00","source":{"id":"0","name":"eventBus"}}
{"__type":"$$EventMessageNode","id":"bb4b4508-c9e3-42d5-b9ba-00b58372cb7e","ts":"2025-08-01T05:11:42.865-04:00","eventName":"n8n.node.finished","message":"n8n.node.finished","payload":{"workflowId":"EwpXGnR8lwRJS9O4","workflowName":"authentication","executionId":"100","nodeType":"n8n-nodes-base.code","nodeName":"Code","nodeId":"e918c323-1978-4c7f-8968-05f3e91179cb"}}
{"__type":"$$EventMessageConfirm","confirm":"bb4b4508-c9e3-42d5-b9ba-00b58372cb7e","ts":"2025-08-01T05:11:42.865-04:00","source":{"id":"0","name":"eventBus"}}
{"__type":"$$EventMessageWorkflow","id":"0b8402ae-25ae-4855-b28a-f72fee9c7bce","ts":"2025-08-01T05:11:42.867-04:00","eventName":"n8n.workflow.success","message":"n8n.workflow.success","payload":{"userId":"b0559425-3fa0-463b-9321-4368bdcce78e","executionId":"100","success":true,"isManual":true,"workflowId":"EwpXGnR8lwRJS9O4","workflowName":"authentication"}}
{"__type":"$$EventMessageConfirm","confirm":"0b8402ae-25ae-4855-b28a-f72fee9c7bce","ts":"2025-08-01T05:11:42.867-04:00","source":{"id":"0","name":"eventBus"}}
{"__type":"$$EventMessageWorkflow","id":"d20b882a-6bae-472f-950f-03c0aa793550","ts":"2025-08-01T05:12:24.189-04:00","eventName":"n8n.workflow.started","message":"n8n.workflow.started","payload":{"executionId":"101","workflowId":"EwpXGnR8lwRJS9O4","isManual":false,"workflowName":"authentication"}}
{"__type":"$$EventMessageConfirm","confirm":"d20b882a-6bae-472f-950f-03c0aa793550","ts":"2025-08-01T05:12:24.189-04:00","source":{"id":"0","name":"eventBus"}}
{"__type":"$$EventMessageNode","id":"a08711ca-6ef0-4046-8506-53f82b4797ce","ts":"2025-08-01T05:12:24.189-04:00","eventName":"n8n.node.started","message":"n8n.node.started","payload":{"workflowId":"EwpXGnR8lwRJS9O4","workflowName":"authentication","executionId":"101","nodeType":"n8n-nodes-base.webhook","nodeName":"Register Webhook","nodeId":"e46fbcd1-0dbb-4c7a-bc03-fb1d3f3f534b"}}
{"__type":"$$EventMessageConfirm","confirm":"a08711ca-6ef0-4046-8506-53f82b4797ce","ts":"2025-08-01T05:12:24.189-04:00","source":{"id":"0","name":"eventBus"}}
{"__type":"$$EventMessageNode","id":"0daf3076-25ab-494d-aa39-502ba4f7697e","ts":"2025-08-01T05:12:24.189-04:00","eventName":"n8n.node.finished","message":"n8n.node.finished","payload":{"workflowId":"EwpXGnR8lwRJS9O4","workflowName":"authentication","executionId":"101","nodeType":"n8n-nodes-base.webhook","nodeName":"Register Webhook","nodeId":"e46fbcd1-0dbb-4c7a-bc03-fb1d3f3f534b"}}
{"__type":"$$EventMessageConfirm","confirm":"0daf3076-25ab-494d-aa39-502ba4f7697e","ts":"2025-08-01T05:12:24.189-04:00","source":{"id":"0","name":"eventBus"}}
{"__type":"$$EventMessageNode","id":"4505c3d2-5aec-41db-bc6b-1ebd0c252185","ts":"2025-08-01T05:12:24.189-04:00","eventName":"n8n.node.started","message":"n8n.node.started","payload":{"workflowId":"EwpXGnR8lwRJS9O4","workflowName":"authentication","executionId":"101","nodeType":"n8n-nodes-base.code","nodeName":"Code","nodeId":"e918c323-1978-4c7f-8968-05f3e91179cb"}}
{"__type":"$$EventMessageConfirm","confirm":"4505c3d2-5aec-41db-bc6b-1ebd0c252185","ts":"2025-08-01T05:12:24.189-04:00","source":{"id":"0","name":"eventBus"}}
{"__type":"$$EventMessageNode","id":"6199c75d-9ecc-43fd-873b-3fc6f34be013","ts":"2025-08-01T05:12:24.191-04:00","eventName":"n8n.node.finished","message":"n8n.node.finished","payload":{"workflowId":"EwpXGnR8lwRJS9O4","workflowName":"authentication","executionId":"101","nodeType":"n8n-nodes-base.code","nodeName":"Code","nodeId":"e918c323-1978-4c7f-8968-05f3e91179cb"}}
{"__type":"$$EventMessageConfirm","confirm":"6199c75d-9ecc-43fd-873b-3fc6f34be013","ts":"2025-08-01T05:12:24.191-04:00","source":{"id":"0","name":"eventBus"}}
{"__type":"$$EventMessageNode","id":"365f32ab-1fff-4e87-8a16-30fd41bcd4ef","ts":"2025-08-01T05:12:24.191-04:00","eventName":"n8n.node.started","message":"n8n.node.started","payload":{"workflowId":"EwpXGnR8lwRJS9O4","workflowName":"authentication","executionId":"101","nodeType":"n8n-nodes-base.mySql","nodeName":"Insert rows in a table","nodeId":"573d2056-d67d-4aa5-abd5-e6b6d0d5511c"}}
{"__type":"$$EventMessageConfirm","confirm":"365f32ab-1fff-4e87-8a16-30fd41bcd4ef","ts":"2025-08-01T05:12:24.191-04:00","source":{"id":"0","name":"eventBus"}}
{"__type":"$$EventMessageNode","id":"8b1ebcd7-9b5d-4feb-af7a-1d83610e16eb","ts":"2025-08-01T05:12:24.194-04:00","eventName":"n8n.node.finished","message":"n8n.node.finished","payload":{"workflowId":"EwpXGnR8lwRJS9O4","workflowName":"authentication","executionId":"101","nodeType":"n8n-nodes-base.mySql","nodeName":"Insert rows in a table","nodeId":"573d2056-d67d-4aa5-abd5-e6b6d0d5511c"}}
{"__type":"$$EventMessageConfirm","confirm":"8b1ebcd7-9b5d-4feb-af7a-1d83610e16eb","ts":"2025-08-01T05:12:24.194-04:00","source":{"id":"0","name":"eventBus"}}
{"__type":"$$EventMessageWorkflow","id":"188fcf90-e7ba-4878-b432-9902b388b73f","ts":"2025-08-01T05:12:24.194-04:00","eventName":"n8n.workflow.failed","message":"n8n.workflow.failed","payload":{"executionId":"101","success":false,"isManual":false,"workflowId":"EwpXGnR8lwRJS9O4","workflowName":"authentication","lastNodeExecuted":"Insert rows in a table","errorNodeType":"n8n-nodes-base.mySql","errorMessage":"Field 'email' doesn't have a default value"}}
{"__type":"$$EventMessageConfirm","confirm":"188fcf90-e7ba-4878-b432-9902b388b73f","ts":"2025-08-01T05:12:24.194-04:00","source":{"id":"0","name":"eventBus"}}
{"__type":"$$EventMessageWorkflow","id":"7cf673eb-3f99-4272-96b7-5ac37ef80180","ts":"2025-08-01T05:14:04.948-04:00","eventName":"n8n.workflow.started","message":"n8n.workflow.started","payload":{"executionId":"102","workflowId":"EwpXGnR8lwRJS9O4","isManual":false,"workflowName":"authentication"}}
{"__type":"$$EventMessageConfirm","confirm":"7cf673eb-3f99-4272-96b7-5ac37ef80180","ts":"2025-08-01T05:14:04.948-04:00","source":{"id":"0","name":"eventBus"}}
{"__type":"$$EventMessageNode","id":"04ee0d47-5a47-488e-96b3-54f71806bead","ts":"2025-08-01T05:14:04.949-04:00","eventName":"n8n.node.started","message":"n8n.node.started","payload":{"workflowId":"EwpXGnR8lwRJS9O4","workflowName":"authentication","executionId":"102","nodeType":"n8n-nodes-base.mySql","nodeName":"Insert rows in a table","nodeId":"573d2056-d67d-4aa5-abd5-e6b6d0d5511c"}}
{"__type":"$$EventMessageConfirm","confirm":"04ee0d47-5a47-488e-96b3-54f71806bead","ts":"2025-08-01T05:14:04.949-04:00","source":{"id":"0","name":"eventBus"}}
{"__type":"$$EventMessageNode","id":"3438c596-5653-4ed1-941a-f813517f4d3b","ts":"2025-08-01T05:14:04.957-04:00","eventName":"n8n.node.finished","message":"n8n.node.finished","payload":{"workflowId":"EwpXGnR8lwRJS9O4","workflowName":"authentication","executionId":"102","nodeType":"n8n-nodes-base.mySql","nodeName":"Insert rows in a table","nodeId":"573d2056-d67d-4aa5-abd5-e6b6d0d5511c"}}
{"__type":"$$EventMessageConfirm","confirm":"3438c596-5653-4ed1-941a-f813517f4d3b","ts":"2025-08-01T05:14:04.957-04:00","source":{"id":"0","name":"eventBus"}}
{"__type":"$$EventMessageWorkflow","id":"54a31c59-f8b1-4f2b-8cd4-2f03ba724a2e","ts":"2025-08-01T05:14:04.958-04:00","eventName":"n8n.workflow.success","message":"n8n.workflow.success","payload":{"userId":"b0559425-3fa0-463b-9321-4368bdcce78e","executionId":"102","success":true,"isManual":true,"workflowId":"EwpXGnR8lwRJS9O4","workflowName":"authentication"}}
{"__type":"$$EventMessageConfirm","confirm":"54a31c59-f8b1-4f2b-8cd4-2f03ba724a2e","ts":"2025-08-01T05:14:04.958-04:00","source":{"id":"0","name":"eventBus"}}
{"__type":"$$EventMessageWorkflow","id":"7f1a99ca-9699-44c1-9c5d-b1f199a51608","ts":"2025-08-01T05:15:07.752-04:00","eventName":"n8n.workflow.started","message":"n8n.workflow.started","payload":{"executionId":"103","workflowId":"EwpXGnR8lwRJS9O4","isManual":false,"workflowName":"authentication"}}
{"__type":"$$EventMessageConfirm","confirm":"7f1a99ca-9699-44c1-9c5d-b1f199a51608","ts":"2025-08-01T05:15:07.753-04:00","source":{"id":"0","name":"eventBus"}}
{"__type":"$$EventMessageNode","id":"2b210e0a-a9b6-44cc-a571-faf1a4fb9183","ts":"2025-08-01T05:15:07.753-04:00","eventName":"n8n.node.started","message":"n8n.node.started","payload":{"workflowId":"EwpXGnR8lwRJS9O4","workflowName":"authentication","executionId":"103","nodeType":"n8n-nodes-base.webhook","nodeName":"Register Webhook","nodeId":"e46fbcd1-0dbb-4c7a-bc03-fb1d3f3f534b"}}
{"__type":"$$EventMessageConfirm","confirm":"2b210e0a-a9b6-44cc-a571-faf1a4fb9183","ts":"2025-08-01T05:15:07.753-04:00","source":{"id":"0","name":"eventBus"}}
{"__type":"$$EventMessageNode","id":"259a4803-5a49-4dac-bd55-09f4614e0ab4","ts":"2025-08-01T05:15:07.753-04:00","eventName":"n8n.node.finished","message":"n8n.node.finished","payload":{"workflowId":"EwpXGnR8lwRJS9O4","workflowName":"authentication","executionId":"103","nodeType":"n8n-nodes-base.webhook","nodeName":"Register Webhook","nodeId":"e46fbcd1-0dbb-4c7a-bc03-fb1d3f3f534b"}}
{"__type":"$$EventMessageConfirm","confirm":"259a4803-5a49-4dac-bd55-09f4614e0ab4","ts":"2025-08-01T05:15:07.753-04:00","source":{"id":"0","name":"eventBus"}}
{"__type":"$$EventMessageNode","id":"b2d6f133-0eca-481e-a2c3-91db9d621cb6","ts":"2025-08-01T05:15:07.753-04:00","eventName":"n8n.node.started","message":"n8n.node.started","payload":{"workflowId":"EwpXGnR8lwRJS9O4","workflowName":"authentication","executionId":"103","nodeType":"n8n-nodes-base.code","nodeName":"Code","nodeId":"e918c323-1978-4c7f-8968-05f3e91179cb"}}
{"__type":"$$EventMessageConfirm","confirm":"b2d6f133-0eca-481e-a2c3-91db9d621cb6","ts":"2025-08-01T05:15:07.753-04:00","source":{"id":"0","name":"eventBus"}}
{"__type":"$$EventMessageNode","id":"daa841ff-bba9-49ac-b74b-02cb0d1bd994","ts":"2025-08-01T05:15:07.755-04:00","eventName":"n8n.node.finished","message":"n8n.node.finished","payload":{"workflowId":"EwpXGnR8lwRJS9O4","workflowName":"authentication","executionId":"103","nodeType":"n8n-nodes-base.code","nodeName":"Code","nodeId":"e918c323-1978-4c7f-8968-05f3e91179cb"}}
{"__type":"$$EventMessageConfirm","confirm":"daa841ff-bba9-49ac-b74b-02cb0d1bd994","ts":"2025-08-01T05:15:07.756-04:00","source":{"id":"0","name":"eventBus"}}
{"__type":"$$EventMessageNode","id":"d443d69b-2706-4869-b477-ee5cea7bcdec","ts":"2025-08-01T05:15:07.756-04:00","eventName":"n8n.node.started","message":"n8n.node.started","payload":{"workflowId":"EwpXGnR8lwRJS9O4","workflowName":"authentication","executionId":"103","nodeType":"n8n-nodes-base.mySql","nodeName":"Insert rows in a table","nodeId":"573d2056-d67d-4aa5-abd5-e6b6d0d5511c"}}
{"__type":"$$EventMessageConfirm","confirm":"d443d69b-2706-4869-b477-ee5cea7bcdec","ts":"2025-08-01T05:15:07.756-04:00","source":{"id":"0","name":"eventBus"}}
{"__type":"$$EventMessageNode","id":"1d4f2d03-ce3b-47db-9dd3-2b4c3bb0ab4a","ts":"2025-08-01T05:15:07.759-04:00","eventName":"n8n.node.finished","message":"n8n.node.finished","payload":{"workflowId":"EwpXGnR8lwRJS9O4","workflowName":"authentication","executionId":"103","nodeType":"n8n-nodes-base.mySql","nodeName":"Insert rows in a table","nodeId":"573d2056-d67d-4aa5-abd5-e6b6d0d5511c"}}
{"__type":"$$EventMessageConfirm","confirm":"1d4f2d03-ce3b-47db-9dd3-2b4c3bb0ab4a","ts":"2025-08-01T05:15:07.759-04:00","source":{"id":"0","name":"eventBus"}}
{"__type":"$$EventMessageWorkflow","id":"1fcdcfd1-ee9b-4ba3-8316-5e1782d449be","ts":"2025-08-01T05:15:07.759-04:00","eventName":"n8n.workflow.failed","message":"n8n.workflow.failed","payload":{"executionId":"103","success":false,"isManual":false,"workflowId":"EwpXGnR8lwRJS9O4","workflowName":"authentication","lastNodeExecuted":"Insert rows in a table","errorNodeType":"n8n-nodes-base.mySql","errorMessage":"Field 'email' doesn't have a default value"}}
{"__type":"$$EventMessageConfirm","confirm":"1fcdcfd1-ee9b-4ba3-8316-5e1782d449be","ts":"2025-08-01T05:15:07.759-04:00","source":{"id":"0","name":"eventBus"}}
{"__type":"$$EventMessageWorkflow","id":"b07f98a8-f016-4568-b96e-8952a1db780c","ts":"2025-08-01T05:15:28.000-04:00","eventName":"n8n.workflow.started","message":"n8n.workflow.started","payload":{"executionId":"104","workflowId":"EwpXGnR8lwRJS9O4","isManual":false,"workflowName":"authentication"}}
{"__type":"$$EventMessageConfirm","confirm":"b07f98a8-f016-4568-b96e-8952a1db780c","ts":"2025-08-01T05:15:28.000-04:00","source":{"id":"0","name":"eventBus"}}
{"__type":"$$EventMessageNode","id":"d5d39f48-9907-48d0-a380-ed331d285488","ts":"2025-08-01T05:15:28.000-04:00","eventName":"n8n.node.started","message":"n8n.node.started","payload":{"workflowId":"EwpXGnR8lwRJS9O4","workflowName":"authentication","executionId":"104","nodeType":"n8n-nodes-base.webhook","nodeName":"Register Webhook","nodeId":"e46fbcd1-0dbb-4c7a-bc03-fb1d3f3f534b"}}
{"__type":"$$EventMessageConfirm","confirm":"d5d39f48-9907-48d0-a380-ed331d285488","ts":"2025-08-01T05:15:28.000-04:00","source":{"id":"0","name":"eventBus"}}
{"__type":"$$EventMessageNode","id":"73664f34-fb14-4bc8-886d-4f28b0d170c8","ts":"2025-08-01T05:15:28.001-04:00","eventName":"n8n.node.finished","message":"n8n.node.finished","payload":{"workflowId":"EwpXGnR8lwRJS9O4","workflowName":"authentication","executionId":"104","nodeType":"n8n-nodes-base.webhook","nodeName":"Register Webhook","nodeId":"e46fbcd1-0dbb-4c7a-bc03-fb1d3f3f534b"}}
{"__type":"$$EventMessageConfirm","confirm":"73664f34-fb14-4bc8-886d-4f28b0d170c8","ts":"2025-08-01T05:15:28.001-04:00","source":{"id":"0","name":"eventBus"}}
{"__type":"$$EventMessageNode","id":"aa7c85ad-2d19-4505-9e8c-d4512d806bfc","ts":"2025-08-01T05:15:28.001-04:00","eventName":"n8n.node.started","message":"n8n.node.started","payload":{"workflowId":"EwpXGnR8lwRJS9O4","workflowName":"authentication","executionId":"104","nodeType":"n8n-nodes-base.code","nodeName":"Code","nodeId":"e918c323-1978-4c7f-8968-05f3e91179cb"}}
{"__type":"$$EventMessageConfirm","confirm":"aa7c85ad-2d19-4505-9e8c-d4512d806bfc","ts":"2025-08-01T05:15:28.001-04:00","source":{"id":"0","name":"eventBus"}}
{"__type":"$$EventMessageNode","id":"1584c0b3-0af2-4cad-a09a-7b36cb15a9cf","ts":"2025-08-01T05:15:28.003-04:00","eventName":"n8n.node.finished","message":"n8n.node.finished","payload":{"workflowId":"EwpXGnR8lwRJS9O4","workflowName":"authentication","executionId":"104","nodeType":"n8n-nodes-base.code","nodeName":"Code","nodeId":"e918c323-1978-4c7f-8968-05f3e91179cb"}}
{"__type":"$$EventMessageConfirm","confirm":"1584c0b3-0af2-4cad-a09a-7b36cb15a9cf","ts":"2025-08-01T05:15:28.004-04:00","source":{"id":"0","name":"eventBus"}}
{"__type":"$$EventMessageNode","id":"00d5b29d-8fa3-46fd-a684-b94616213334","ts":"2025-08-01T05:15:28.004-04:00","eventName":"n8n.node.started","message":"n8n.node.started","payload":{"workflowId":"EwpXGnR8lwRJS9O4","workflowName":"authentication","executionId":"104","nodeType":"n8n-nodes-base.mySql","nodeName":"Insert rows in a table","nodeId":"573d2056-d67d-4aa5-abd5-e6b6d0d5511c"}}
{"__type":"$$EventMessageConfirm","confirm":"00d5b29d-8fa3-46fd-a684-b94616213334","ts":"2025-08-01T05:15:28.004-04:00","source":{"id":"0","name":"eventBus"}}
{"__type":"$$EventMessageNode","id":"334024e0-16fc-4a4b-9e35-8ac655c3ee44","ts":"2025-08-01T05:15:28.007-04:00","eventName":"n8n.node.finished","message":"n8n.node.finished","payload":{"workflowId":"EwpXGnR8lwRJS9O4","workflowName":"authentication","executionId":"104","nodeType":"n8n-nodes-base.mySql","nodeName":"Insert rows in a table","nodeId":"573d2056-d67d-4aa5-abd5-e6b6d0d5511c"}}
{"__type":"$$EventMessageConfirm","confirm":"334024e0-16fc-4a4b-9e35-8ac655c3ee44","ts":"2025-08-01T05:15:28.007-04:00","source":{"id":"0","name":"eventBus"}}
{"__type":"$$EventMessageWorkflow","id":"b5dbe687-88a8-42b8-96a6-e83beb5d1b65","ts":"2025-08-01T05:15:28.007-04:00","eventName":"n8n.workflow.failed","message":"n8n.workflow.failed","payload":{"executionId":"104","success":false,"isManual":false,"workflowId":"EwpXGnR8lwRJS9O4","workflowName":"authentication","lastNodeExecuted":"Insert rows in a table","errorNodeType":"n8n-nodes-base.mySql","errorMessage":"Field 'email' doesn't have a default value"}}
{"__type":"$$EventMessageConfirm","confirm":"b5dbe687-88a8-42b8-96a6-e83beb5d1b65","ts":"2025-08-01T05:15:28.007-04:00","source":{"id":"0","name":"eventBus"}}
{"__type":"$$EventMessageWorkflow","id":"4df048e2-3223-4c94-b5af-146447905251","ts":"2025-08-01T05:15:50.428-04:00","eventName":"n8n.workflow.started","message":"n8n.workflow.started","payload":{"executionId":"105","workflowId":"EwpXGnR8lwRJS9O4","isManual":false,"workflowName":"authentication"}}
{"__type":"$$EventMessageConfirm","confirm":"4df048e2-3223-4c94-b5af-146447905251","ts":"2025-08-01T05:15:50.428-04:00","source":{"id":"0","name":"eventBus"}}
{"__type":"$$EventMessageNode","id":"bc0032cb-13f7-460c-831b-acd80493738d","ts":"2025-08-01T05:15:50.428-04:00","eventName":"n8n.node.started","message":"n8n.node.started","payload":{"workflowId":"EwpXGnR8lwRJS9O4","workflowName":"authentication","executionId":"105","nodeType":"n8n-nodes-base.webhook","nodeName":"Register Webhook","nodeId":"e46fbcd1-0dbb-4c7a-bc03-fb1d3f3f534b"}}
{"__type":"$$EventMessageConfirm","confirm":"bc0032cb-13f7-460c-831b-acd80493738d","ts":"2025-08-01T05:15:50.428-04:00","source":{"id":"0","name":"eventBus"}}
{"__type":"$$EventMessageNode","id":"48affb58-143e-4309-96ac-b13a35245ff0","ts":"2025-08-01T05:15:50.428-04:00","eventName":"n8n.node.finished","message":"n8n.node.finished","payload":{"workflowId":"EwpXGnR8lwRJS9O4","workflowName":"authentication","executionId":"105","nodeType":"n8n-nodes-base.webhook","nodeName":"Register Webhook","nodeId":"e46fbcd1-0dbb-4c7a-bc03-fb1d3f3f534b"}}
{"__type":"$$EventMessageConfirm","confirm":"48affb58-143e-4309-96ac-b13a35245ff0","ts":"2025-08-01T05:15:50.428-04:00","source":{"id":"0","name":"eventBus"}}
{"__type":"$$EventMessageNode","id":"3c761659-0a1d-441a-b030-9dd7a5b4a0c0","ts":"2025-08-01T05:15:50.428-04:00","eventName":"n8n.node.started","message":"n8n.node.started","payload":{"workflowId":"EwpXGnR8lwRJS9O4","workflowName":"authentication","executionId":"105","nodeType":"n8n-nodes-base.code","nodeName":"Code","nodeId":"e918c323-1978-4c7f-8968-05f3e91179cb"}}
{"__type":"$$EventMessageConfirm","confirm":"3c761659-0a1d-441a-b030-9dd7a5b4a0c0","ts":"2025-08-01T05:15:50.428-04:00","source":{"id":"0","name":"eventBus"}}
{"__type":"$$EventMessageNode","id":"356bdc1a-c28f-4325-84e1-868e20e6ec41","ts":"2025-08-01T05:15:50.433-04:00","eventName":"n8n.node.finished","message":"n8n.node.finished","payload":{"workflowId":"EwpXGnR8lwRJS9O4","workflowName":"authentication","executionId":"105","nodeType":"n8n-nodes-base.code","nodeName":"Code","nodeId":"e918c323-1978-4c7f-8968-05f3e91179cb"}}
{"__type":"$$EventMessageConfirm","confirm":"356bdc1a-c28f-4325-84e1-868e20e6ec41","ts":"2025-08-01T05:15:50.433-04:00","source":{"id":"0","name":"eventBus"}}
{"__type":"$$EventMessageNode","id":"b1b973d2-476a-4141-8f70-c75f3e5a303e","ts":"2025-08-01T05:15:50.434-04:00","eventName":"n8n.node.started","message":"n8n.node.started","payload":{"workflowId":"EwpXGnR8lwRJS9O4","workflowName":"authentication","executionId":"105","nodeType":"n8n-nodes-base.mySql","nodeName":"Insert rows in a table","nodeId":"573d2056-d67d-4aa5-abd5-e6b6d0d5511c"}}
{"__type":"$$EventMessageConfirm","confirm":"b1b973d2-476a-4141-8f70-c75f3e5a303e","ts":"2025-08-01T05:15:50.434-04:00","source":{"id":"0","name":"eventBus"}}
{"__type":"$$EventMessageNode","id":"07ddae59-f1d3-4efe-9a13-b8436cf5ac82","ts":"2025-08-01T05:15:50.440-04:00","eventName":"n8n.node.finished","message":"n8n.node.finished","payload":{"workflowId":"EwpXGnR8lwRJS9O4","workflowName":"authentication","executionId":"105","nodeType":"n8n-nodes-base.mySql","nodeName":"Insert rows in a table","nodeId":"573d2056-d67d-4aa5-abd5-e6b6d0d5511c"}}
{"__type":"$$EventMessageConfirm","confirm":"07ddae59-f1d3-4efe-9a13-b8436cf5ac82","ts":"2025-08-01T05:15:50.440-04:00","source":{"id":"0","name":"eventBus"}}
{"__type":"$$EventMessageWorkflow","id":"10eb8162-e11d-4795-9f71-17cebc829db9","ts":"2025-08-01T05:15:50.440-04:00","eventName":"n8n.workflow.failed","message":"n8n.workflow.failed","payload":{"executionId":"105","success":false,"isManual":false,"workflowId":"EwpXGnR8lwRJS9O4","workflowName":"authentication","lastNodeExecuted":"Insert rows in a table","errorNodeType":"n8n-nodes-base.mySql","errorMessage":"Field 'email' doesn't have a default value"}}
{"__type":"$$EventMessageConfirm","confirm":"10eb8162-e11d-4795-9f71-17cebc829db9","ts":"2025-08-01T05:15:50.440-04:00","source":{"id":"0","name":"eventBus"}}
{"__type":"$$EventMessageWorkflow","id":"c18ac7ec-1d08-4101-b63e-6a2d3d0bd206","ts":"2025-08-01T05:15:59.416-04:00","eventName":"n8n.workflow.started","message":"n8n.workflow.started","payload":{"executionId":"106","workflowId":"EwpXGnR8lwRJS9O4","isManual":false,"workflowName":"authentication"}}
{"__type":"$$EventMessageConfirm","confirm":"c18ac7ec-1d08-4101-b63e-6a2d3d0bd206","ts":"2025-08-01T05:15:59.416-04:00","source":{"id":"0","name":"eventBus"}}
{"__type":"$$EventMessageNode","id":"099d8242-ddb2-476f-91ea-b8cfd1e8bf3a","ts":"2025-08-01T05:15:59.417-04:00","eventName":"n8n.node.started","message":"n8n.node.started","payload":{"workflowId":"EwpXGnR8lwRJS9O4","workflowName":"authentication","executionId":"106","nodeType":"n8n-nodes-base.webhook","nodeName":"Register Webhook","nodeId":"e46fbcd1-0dbb-4c7a-bc03-fb1d3f3f534b"}}
{"__type":"$$EventMessageConfirm","confirm":"099d8242-ddb2-476f-91ea-b8cfd1e8bf3a","ts":"2025-08-01T05:15:59.417-04:00","source":{"id":"0","name":"eventBus"}}
{"__type":"$$EventMessageNode","id":"60a5315a-3d0e-48e7-814f-91f20c3abaf3","ts":"2025-08-01T05:15:59.417-04:00","eventName":"n8n.node.finished","message":"n8n.node.finished","payload":{"workflowId":"EwpXGnR8lwRJS9O4","workflowName":"authentication","executionId":"106","nodeType":"n8n-nodes-base.webhook","nodeName":"Register Webhook","nodeId":"e46fbcd1-0dbb-4c7a-bc03-fb1d3f3f534b"}}
{"__type":"$$EventMessageConfirm","confirm":"60a5315a-3d0e-48e7-814f-91f20c3abaf3","ts":"2025-08-01T05:15:59.417-04:00","source":{"id":"0","name":"eventBus"}}
{"__type":"$$EventMessageWorkflow","id":"4199ae0e-b63b-4a1b-98df-bdc1ce5abe1f","ts":"2025-08-01T05:15:59.417-04:00","eventName":"n8n.workflow.success","message":"n8n.workflow.success","payload":{"executionId":"106","success":true,"isManual":true,"workflowId":"EwpXGnR8lwRJS9O4","workflowName":"authentication"}}
{"__type":"$$EventMessageConfirm","confirm":"4199ae0e-b63b-4a1b-98df-bdc1ce5abe1f","ts":"2025-08-01T05:15:59.417-04:00","source":{"id":"0","name":"eventBus"}}
{"__type":"$$EventMessageWorkflow","id":"d7bc2e39-0b5e-42b7-b2db-eeca7856658c","ts":"2025-08-01T05:16:17.162-04:00","eventName":"n8n.workflow.started","message":"n8n.workflow.started","payload":{"executionId":"107","workflowId":"EwpXGnR8lwRJS9O4","isManual":false,"workflowName":"authentication"}}
{"__type":"$$EventMessageConfirm","confirm":"d7bc2e39-0b5e-42b7-b2db-eeca7856658c","ts":"2025-08-01T05:16:17.162-04:00","source":{"id":"0","name":"eventBus"}}
{"__type":"$$EventMessageNode","id":"a4445dc2-3409-4033-8f41-a4bd87a98a79","ts":"2025-08-01T05:16:17.163-04:00","eventName":"n8n.node.started","message":"n8n.node.started","payload":{"workflowId":"EwpXGnR8lwRJS9O4","workflowName":"authentication","executionId":"107","nodeType":"n8n-nodes-base.webhook","nodeName":"Register Webhook","nodeId":"e46fbcd1-0dbb-4c7a-bc03-fb1d3f3f534b"}}
{"__type":"$$EventMessageConfirm","confirm":"a4445dc2-3409-4033-8f41-a4bd87a98a79","ts":"2025-08-01T05:16:17.163-04:00","source":{"id":"0","name":"eventBus"}}
{"__type":"$$EventMessageNode","id":"0a565915-7bc9-4fd3-bc9e-b8929b07e1ea","ts":"2025-08-01T05:16:17.163-04:00","eventName":"n8n.node.finished","message":"n8n.node.finished","payload":{"workflowId":"EwpXGnR8lwRJS9O4","workflowName":"authentication","executionId":"107","nodeType":"n8n-nodes-base.webhook","nodeName":"Register Webhook","nodeId":"e46fbcd1-0dbb-4c7a-bc03-fb1d3f3f534b"}}
{"__type":"$$EventMessageConfirm","confirm":"0a565915-7bc9-4fd3-bc9e-b8929b07e1ea","ts":"2025-08-01T05:16:17.163-04:00","source":{"id":"0","name":"eventBus"}}
{"__type":"$$EventMessageNode","id":"8bc24384-b880-4621-9994-fd8ddb45e6e9","ts":"2025-08-01T05:16:17.163-04:00","eventName":"n8n.node.started","message":"n8n.node.started","payload":{"workflowId":"EwpXGnR8lwRJS9O4","workflowName":"authentication","executionId":"107","nodeType":"n8n-nodes-base.code","nodeName":"Code","nodeId":"e918c323-1978-4c7f-8968-05f3e91179cb"}}
{"__type":"$$EventMessageConfirm","confirm":"8bc24384-b880-4621-9994-fd8ddb45e6e9","ts":"2025-08-01T05:16:17.163-04:00","source":{"id":"0","name":"eventBus"}}
{"__type":"$$EventMessageNode","id":"178cea25-0083-43ca-95cb-bf67e090474e","ts":"2025-08-01T05:16:17.165-04:00","eventName":"n8n.node.finished","message":"n8n.node.finished","payload":{"workflowId":"EwpXGnR8lwRJS9O4","workflowName":"authentication","executionId":"107","nodeType":"n8n-nodes-base.code","nodeName":"Code","nodeId":"e918c323-1978-4c7f-8968-05f3e91179cb"}}
{"__type":"$$EventMessageConfirm","confirm":"178cea25-0083-43ca-95cb-bf67e090474e","ts":"2025-08-01T05:16:17.165-04:00","source":{"id":"0","name":"eventBus"}}
{"__type":"$$EventMessageNode","id":"e28f2562-d415-4e4d-ad42-92042062cf53","ts":"2025-08-01T05:16:17.165-04:00","eventName":"n8n.node.started","message":"n8n.node.started","payload":{"workflowId":"EwpXGnR8lwRJS9O4","workflowName":"authentication","executionId":"107","nodeType":"n8n-nodes-base.mySql","nodeName":"Insert rows in a table","nodeId":"573d2056-d67d-4aa5-abd5-e6b6d0d5511c"}}
{"__type":"$$EventMessageConfirm","confirm":"e28f2562-d415-4e4d-ad42-92042062cf53","ts":"2025-08-01T05:16:17.165-04:00","source":{"id":"0","name":"eventBus"}}
{"__type":"$$EventMessageNode","id":"0d501c2c-1575-4229-bbbc-5c0c95296906","ts":"2025-08-01T05:16:17.169-04:00","eventName":"n8n.node.finished","message":"n8n.node.finished","payload":{"workflowId":"EwpXGnR8lwRJS9O4","workflowName":"authentication","executionId":"107","nodeType":"n8n-nodes-base.mySql","nodeName":"Insert rows in a table","nodeId":"573d2056-d67d-4aa5-abd5-e6b6d0d5511c"}}
{"__type":"$$EventMessageConfirm","confirm":"0d501c2c-1575-4229-bbbc-5c0c95296906","ts":"2025-08-01T05:16:17.169-04:00","source":{"id":"0","name":"eventBus"}}
{"__type":"$$EventMessageWorkflow","id":"f44ad3c6-470e-4bec-931b-8a30e9c5167e","ts":"2025-08-01T05:16:17.170-04:00","eventName":"n8n.workflow.success","message":"n8n.workflow.success","payload":{"executionId":"107","success":true,"isManual":true,"workflowId":"EwpXGnR8lwRJS9O4","workflowName":"authentication"}}
{"__type":"$$EventMessageConfirm","confirm":"f44ad3c6-470e-4bec-931b-8a30e9c5167e","ts":"2025-08-01T05:16:17.170-04:00","source":{"id":"0","name":"eventBus"}}
{"__type":"$$EventMessageWorkflow","id":"de5955ee-fe9a-411f-b607-252883682b98","ts":"2025-08-01T05:18:32.236-04:00","eventName":"n8n.workflow.started","message":"n8n.workflow.started","payload":{"executionId":"108","workflowId":"EwpXGnR8lwRJS9O4","isManual":false,"workflowName":"authentication"}}
{"__type":"$$EventMessageConfirm","confirm":"de5955ee-fe9a-411f-b607-252883682b98","ts":"2025-08-01T05:18:32.236-04:00","source":{"id":"0","name":"eventBus"}}
{"__type":"$$EventMessageNode","id":"4c4706e2-9760-40b8-ba22-e56d18c67bd0","ts":"2025-08-01T05:18:32.236-04:00","eventName":"n8n.node.started","message":"n8n.node.started","payload":{"workflowId":"EwpXGnR8lwRJS9O4","workflowName":"authentication","executionId":"108","nodeType":"n8n-nodes-base.webhook","nodeName":"Register Webhook","nodeId":"e46fbcd1-0dbb-4c7a-bc03-fb1d3f3f534b"}}
{"__type":"$$EventMessageConfirm","confirm":"4c4706e2-9760-40b8-ba22-e56d18c67bd0","ts":"2025-08-01T05:18:32.236-04:00","source":{"id":"0","name":"eventBus"}}
{"__type":"$$EventMessageNode","id":"879caf29-8b23-4fc7-86c1-4d325cffcbd9","ts":"2025-08-01T05:18:32.236-04:00","eventName":"n8n.node.finished","message":"n8n.node.finished","payload":{"workflowId":"EwpXGnR8lwRJS9O4","workflowName":"authentication","executionId":"108","nodeType":"n8n-nodes-base.webhook","nodeName":"Register Webhook","nodeId":"e46fbcd1-0dbb-4c7a-bc03-fb1d3f3f534b"}}
{"__type":"$$EventMessageConfirm","confirm":"879caf29-8b23-4fc7-86c1-4d325cffcbd9","ts":"2025-08-01T05:18:32.236-04:00","source":{"id":"0","name":"eventBus"}}
{"__type":"$$EventMessageNode","id":"27f3c5e2-d534-4177-91bf-3e5ee43f92d6","ts":"2025-08-01T05:18:32.236-04:00","eventName":"n8n.node.started","message":"n8n.node.started","payload":{"workflowId":"EwpXGnR8lwRJS9O4","workflowName":"authentication","executionId":"108","nodeType":"n8n-nodes-base.code","nodeName":"Code","nodeId":"e918c323-1978-4c7f-8968-05f3e91179cb"}}
{"__type":"$$EventMessageConfirm","confirm":"27f3c5e2-d534-4177-91bf-3e5ee43f92d6","ts":"2025-08-01T05:18:32.236-04:00","source":{"id":"0","name":"eventBus"}}
{"__type":"$$EventMessageNode","id":"33720a83-2653-429c-a070-1871a12e91b2","ts":"2025-08-01T05:18:32.239-04:00","eventName":"n8n.node.finished","message":"n8n.node.finished","payload":{"workflowId":"EwpXGnR8lwRJS9O4","workflowName":"authentication","executionId":"108","nodeType":"n8n-nodes-base.code","nodeName":"Code","nodeId":"e918c323-1978-4c7f-8968-05f3e91179cb"}}
{"__type":"$$EventMessageConfirm","confirm":"33720a83-2653-429c-a070-1871a12e91b2","ts":"2025-08-01T05:18:32.239-04:00","source":{"id":"0","name":"eventBus"}}
{"__type":"$$EventMessageNode","id":"0ad5dfb8-db79-40c9-a59b-43b40e41533f","ts":"2025-08-01T05:18:32.239-04:00","eventName":"n8n.node.started","message":"n8n.node.started","payload":{"workflowId":"EwpXGnR8lwRJS9O4","workflowName":"authentication","executionId":"108","nodeType":"n8n-nodes-base.mySql","nodeName":"Insert rows in a table","nodeId":"573d2056-d67d-4aa5-abd5-e6b6d0d5511c"}}
{"__type":"$$EventMessageConfirm","confirm":"0ad5dfb8-db79-40c9-a59b-43b40e41533f","ts":"2025-08-01T05:18:32.239-04:00","source":{"id":"0","name":"eventBus"}}
{"__type":"$$EventMessageNode","id":"3ddc5e9c-fedc-475f-979c-81ff8eb7189c","ts":"2025-08-01T05:18:32.243-04:00","eventName":"n8n.node.finished","message":"n8n.node.finished","payload":{"workflowId":"EwpXGnR8lwRJS9O4","workflowName":"authentication","executionId":"108","nodeType":"n8n-nodes-base.mySql","nodeName":"Insert rows in a table","nodeId":"573d2056-d67d-4aa5-abd5-e6b6d0d5511c"}}
{"__type":"$$EventMessageConfirm","confirm":"3ddc5e9c-fedc-475f-979c-81ff8eb7189c","ts":"2025-08-01T05:18:32.243-04:00","source":{"id":"0","name":"eventBus"}}
{"__type":"$$EventMessageWorkflow","id":"7ce47323-ca8f-4a3c-b954-86b7b9a995b9","ts":"2025-08-01T05:18:32.244-04:00","eventName":"n8n.workflow.failed","message":"n8n.workflow.failed","payload":{"executionId":"108","success":false,"isManual":true,"workflowId":"EwpXGnR8lwRJS9O4","workflowName":"authentication","lastNodeExecuted":"Insert rows in a table","errorNodeType":"n8n-nodes-base.mySql","errorMessage":"Duplicate entry 'hardcoded email' for key 'user.email'"}}
{"__type":"$$EventMessageConfirm","confirm":"7ce47323-ca8f-4a3c-b954-86b7b9a995b9","ts":"2025-08-01T05:18:32.244-04:00","source":{"id":"0","name":"eventBus"}}
{"__type":"$$EventMessageWorkflow","id":"d4c88d34-961f-4916-bb9f-270b214c1b9e","ts":"2025-08-01T05:19:41.617-04:00","eventName":"n8n.workflow.started","message":"n8n.workflow.started","payload":{"executionId":"109","workflowId":"EwpXGnR8lwRJS9O4","isManual":false,"workflowName":"authentication"}}
{"__type":"$$EventMessageConfirm","confirm":"d4c88d34-961f-4916-bb9f-270b214c1b9e","ts":"2025-08-01T05:19:41.617-04:00","source":{"id":"0","name":"eventBus"}}
{"__type":"$$EventMessageNode","id":"46d95e05-16de-4a82-8d4e-49d080742afa","ts":"2025-08-01T05:19:41.617-04:00","eventName":"n8n.node.started","message":"n8n.node.started","payload":{"workflowId":"EwpXGnR8lwRJS9O4","workflowName":"authentication","executionId":"109","nodeType":"n8n-nodes-base.webhook","nodeName":"Register Webhook","nodeId":"e46fbcd1-0dbb-4c7a-bc03-fb1d3f3f534b"}}
{"__type":"$$EventMessageConfirm","confirm":"46d95e05-16de-4a82-8d4e-49d080742afa","ts":"2025-08-01T05:19:41.617-04:00","source":{"id":"0","name":"eventBus"}}
{"__type":"$$EventMessageNode","id":"ad01ae71-0b43-4e12-a91f-afb77b355f31","ts":"2025-08-01T05:19:41.617-04:00","eventName":"n8n.node.finished","message":"n8n.node.finished","payload":{"workflowId":"EwpXGnR8lwRJS9O4","workflowName":"authentication","executionId":"109","nodeType":"n8n-nodes-base.webhook","nodeName":"Register Webhook","nodeId":"e46fbcd1-0dbb-4c7a-bc03-fb1d3f3f534b"}}
{"__type":"$$EventMessageConfirm","confirm":"ad01ae71-0b43-4e12-a91f-afb77b355f31","ts":"2025-08-01T05:19:41.617-04:00","source":{"id":"0","name":"eventBus"}}
{"__type":"$$EventMessageNode","id":"63aedff5-c8ba-4e3c-8079-57ec73744c28","ts":"2025-08-01T05:19:41.617-04:00","eventName":"n8n.node.started","message":"n8n.node.started","payload":{"workflowId":"EwpXGnR8lwRJS9O4","workflowName":"authentication","executionId":"109","nodeType":"n8n-nodes-base.code","nodeName":"Code","nodeId":"e918c323-1978-4c7f-8968-05f3e91179cb"}}
{"__type":"$$EventMessageConfirm","confirm":"63aedff5-c8ba-4e3c-8079-57ec73744c28","ts":"2025-08-01T05:19:41.617-04:00","source":{"id":"0","name":"eventBus"}}
{"__type":"$$EventMessageNode","id":"c5a49482-29a2-424e-aa33-538a8b9dc3f9","ts":"2025-08-01T05:19:41.621-04:00","eventName":"n8n.node.finished","message":"n8n.node.finished","payload":{"workflowId":"EwpXGnR8lwRJS9O4","workflowName":"authentication","executionId":"109","nodeType":"n8n-nodes-base.code","nodeName":"Code","nodeId":"e918c323-1978-4c7f-8968-05f3e91179cb"}}
{"__type":"$$EventMessageConfirm","confirm":"c5a49482-29a2-424e-aa33-538a8b9dc3f9","ts":"2025-08-01T05:19:41.622-04:00","source":{"id":"0","name":"eventBus"}}
{"__type":"$$EventMessageNode","id":"064416ee-823b-4ef8-9a39-856a74b31794","ts":"2025-08-01T05:19:41.622-04:00","eventName":"n8n.node.started","message":"n8n.node.started","payload":{"workflowId":"EwpXGnR8lwRJS9O4","workflowName":"authentication","executionId":"109","nodeType":"n8n-nodes-base.mySql","nodeName":"Insert rows in a table","nodeId":"573d2056-d67d-4aa5-abd5-e6b6d0d5511c"}}
{"__type":"$$EventMessageConfirm","confirm":"064416ee-823b-4ef8-9a39-856a74b31794","ts":"2025-08-01T05:19:41.622-04:00","source":{"id":"0","name":"eventBus"}}
{"__type":"$$EventMessageNode","id":"401caa28-5b49-43c9-b6be-62169a5845cb","ts":"2025-08-01T05:19:41.637-04:00","eventName":"n8n.node.finished","message":"n8n.node.finished","payload":{"workflowId":"EwpXGnR8lwRJS9O4","workflowName":"authentication","executionId":"109","nodeType":"n8n-nodes-base.mySql","nodeName":"Insert rows in a table","nodeId":"573d2056-d67d-4aa5-abd5-e6b6d0d5511c"}}
{"__type":"$$EventMessageConfirm","confirm":"401caa28-5b49-43c9-b6be-62169a5845cb","ts":"2025-08-01T05:19:41.637-04:00","source":{"id":"0","name":"eventBus"}}
{"__type":"$$EventMessageNode","id":"c8ba36d8-adb0-4cbf-9c0e-81daa71055a3","ts":"2025-08-01T05:19:41.638-04:00","eventName":"n8n.node.started","message":"n8n.node.started","payload":{"workflowId":"EwpXGnR8lwRJS9O4","workflowName":"authentication","executionId":"109","nodeType":"n8n-nodes-base.respondToWebhook","nodeName":"Register Response","nodeId":"cc17e25e-725a-46aa-82bb-1a5c1dac571c"}}
{"__type":"$$EventMessageConfirm","confirm":"c8ba36d8-adb0-4cbf-9c0e-81daa71055a3","ts":"2025-08-01T05:19:41.638-04:00","source":{"id":"0","name":"eventBus"}}
{"__type":"$$EventMessageNode","id":"3b66328f-ef8a-4dcb-92a5-6ec0d9403f9d","ts":"2025-08-01T05:19:41.646-04:00","eventName":"n8n.node.finished","message":"n8n.node.finished","payload":{"workflowId":"EwpXGnR8lwRJS9O4","workflowName":"authentication","executionId":"109","nodeType":"n8n-nodes-base.respondToWebhook","nodeName":"Register Response","nodeId":"cc17e25e-725a-46aa-82bb-1a5c1dac571c"}}
{"__type":"$$EventMessageConfirm","confirm":"3b66328f-ef8a-4dcb-92a5-6ec0d9403f9d","ts":"2025-08-01T05:19:41.646-04:00","source":{"id":"0","name":"eventBus"}}
{"__type":"$$EventMessageWorkflow","id":"52dd4787-89b0-43a6-91f5-80240809901b","ts":"2025-08-01T05:19:41.646-04:00","eventName":"n8n.workflow.failed","message":"n8n.workflow.failed","payload":{"executionId":"109","success":false,"isManual":true,"workflowId":"EwpXGnR8lwRJS9O4","workflowName":"authentication","lastNodeExecuted":"Register Response","errorNodeType":"n8n-nodes-base.respondToWebhook","errorMessage":"Invalid JSON in 'Response Body' field"}}
{"__type":"$$EventMessageConfirm","confirm":"52dd4787-89b0-43a6-91f5-80240809901b","ts":"2025-08-01T05:19:41.646-04:00","source":{"id":"0","name":"eventBus"}}
{"__type":"$$EventMessageWorkflow","id":"a22d6d1f-5cec-451e-a602-3784b13d9dbd","ts":"2025-08-01T05:20:09.347-04:00","eventName":"n8n.workflow.started","message":"n8n.workflow.started","payload":{"executionId":"110","workflowId":"EwpXGnR8lwRJS9O4","isManual":false,"workflowName":"authentication"}}
{"__type":"$$EventMessageConfirm","confirm":"a22d6d1f-5cec-451e-a602-3784b13d9dbd","ts":"2025-08-01T05:20:09.347-04:00","source":{"id":"0","name":"eventBus"}}
{"__type":"$$EventMessageNode","id":"37a9032e-ffff-432c-9a68-448eed6e726f","ts":"2025-08-01T05:20:09.347-04:00","eventName":"n8n.node.started","message":"n8n.node.started","payload":{"workflowId":"EwpXGnR8lwRJS9O4","workflowName":"authentication","executionId":"110","nodeType":"n8n-nodes-base.webhook","nodeName":"Register Webhook","nodeId":"e46fbcd1-0dbb-4c7a-bc03-fb1d3f3f534b"}}
{"__type":"$$EventMessageConfirm","confirm":"37a9032e-ffff-432c-9a68-448eed6e726f","ts":"2025-08-01T05:20:09.347-04:00","source":{"id":"0","name":"eventBus"}}
{"__type":"$$EventMessageNode","id":"ab0a30b2-fcdf-4a0e-a852-5a109ff50a84","ts":"2025-08-01T05:20:09.348-04:00","eventName":"n8n.node.finished","message":"n8n.node.finished","payload":{"workflowId":"EwpXGnR8lwRJS9O4","workflowName":"authentication","executionId":"110","nodeType":"n8n-nodes-base.webhook","nodeName":"Register Webhook","nodeId":"e46fbcd1-0dbb-4c7a-bc03-fb1d3f3f534b"}}
{"__type":"$$EventMessageConfirm","confirm":"ab0a30b2-fcdf-4a0e-a852-5a109ff50a84","ts":"2025-08-01T05:20:09.348-04:00","source":{"id":"0","name":"eventBus"}}
{"__type":"$$EventMessageNode","id":"807eeeac-6fd6-47c8-8285-e9a635b5b50e","ts":"2025-08-01T05:20:09.348-04:00","eventName":"n8n.node.started","message":"n8n.node.started","payload":{"workflowId":"EwpXGnR8lwRJS9O4","workflowName":"authentication","executionId":"110","nodeType":"n8n-nodes-base.code","nodeName":"Code","nodeId":"e918c323-1978-4c7f-8968-05f3e91179cb"}}
{"__type":"$$EventMessageConfirm","confirm":"807eeeac-6fd6-47c8-8285-e9a635b5b50e","ts":"2025-08-01T05:20:09.348-04:00","source":{"id":"0","name":"eventBus"}}
{"__type":"$$EventMessageNode","id":"e827f7a0-c1c6-4587-9f90-f2b18ee0b12a","ts":"2025-08-01T05:20:09.350-04:00","eventName":"n8n.node.finished","message":"n8n.node.finished","payload":{"workflowId":"EwpXGnR8lwRJS9O4","workflowName":"authentication","executionId":"110","nodeType":"n8n-nodes-base.code","nodeName":"Code","nodeId":"e918c323-1978-4c7f-8968-05f3e91179cb"}}
{"__type":"$$EventMessageConfirm","confirm":"e827f7a0-c1c6-4587-9f90-f2b18ee0b12a","ts":"2025-08-01T05:20:09.350-04:00","source":{"id":"0","name":"eventBus"}}
{"__type":"$$EventMessageNode","id":"7c5494e7-8946-4c74-83a3-8ed319f317b6","ts":"2025-08-01T05:20:09.351-04:00","eventName":"n8n.node.started","message":"n8n.node.started","payload":{"workflowId":"EwpXGnR8lwRJS9O4","workflowName":"authentication","executionId":"110","nodeType":"n8n-nodes-base.mySql","nodeName":"Insert rows in a table","nodeId":"573d2056-d67d-4aa5-abd5-e6b6d0d5511c"}}
{"__type":"$$EventMessageConfirm","confirm":"7c5494e7-8946-4c74-83a3-8ed319f317b6","ts":"2025-08-01T05:20:09.351-04:00","source":{"id":"0","name":"eventBus"}}
{"__type":"$$EventMessageNode","id":"822081bd-378d-456e-bb39-3abd809e63b1","ts":"2025-08-01T05:20:09.354-04:00","eventName":"n8n.node.finished","message":"n8n.node.finished","payload":{"workflowId":"EwpXGnR8lwRJS9O4","workflowName":"authentication","executionId":"110","nodeType":"n8n-nodes-base.mySql","nodeName":"Insert rows in a table","nodeId":"573d2056-d67d-4aa5-abd5-e6b6d0d5511c"}}
{"__type":"$$EventMessageConfirm","confirm":"822081bd-378d-456e-bb39-3abd809e63b1","ts":"2025-08-01T05:20:09.354-04:00","source":{"id":"0","name":"eventBus"}}
{"__type":"$$EventMessageWorkflow","id":"f3fd0a85-db39-4ccf-9e28-d61c01b2519e","ts":"2025-08-01T05:20:09.354-04:00","eventName":"n8n.workflow.failed","message":"n8n.workflow.failed","payload":{"executionId":"110","success":false,"isManual":true,"workflowId":"EwpXGnR8lwRJS9O4","workflowName":"authentication","lastNodeExecuted":"Insert rows in a table","errorNodeType":"n8n-nodes-base.mySql","errorMessage":"Duplicate entry 'hardcoded emaisdsdl' for key 'user.email'"}}
{"__type":"$$EventMessageConfirm","confirm":"f3fd0a85-db39-4ccf-9e28-d61c01b2519e","ts":"2025-08-01T05:20:09.354-04:00","source":{"id":"0","name":"eventBus"}}
{"__type":"$$EventMessageWorkflow","id":"6eb7be6f-866a-45cb-9454-b7d7ffef2107","ts":"2025-08-01T05:20:22.650-04:00","eventName":"n8n.workflow.started","message":"n8n.workflow.started","payload":{"executionId":"111","workflowId":"EwpXGnR8lwRJS9O4","isManual":false,"workflowName":"authentication"}}
{"__type":"$$EventMessageConfirm","confirm":"6eb7be6f-866a-45cb-9454-b7d7ffef2107","ts":"2025-08-01T05:20:22.650-04:00","source":{"id":"0","name":"eventBus"}}
{"__type":"$$EventMessageNode","id":"1aceb299-b9a1-4d24-8382-a7d3f6833cdf","ts":"2025-08-01T05:20:22.650-04:00","eventName":"n8n.node.started","message":"n8n.node.started","payload":{"workflowId":"EwpXGnR8lwRJS9O4","workflowName":"authentication","executionId":"111","nodeType":"n8n-nodes-base.webhook","nodeName":"Register Webhook","nodeId":"e46fbcd1-0dbb-4c7a-bc03-fb1d3f3f534b"}}
{"__type":"$$EventMessageConfirm","confirm":"1aceb299-b9a1-4d24-8382-a7d3f6833cdf","ts":"2025-08-01T05:20:22.651-04:00","source":{"id":"0","name":"eventBus"}}
{"__type":"$$EventMessageNode","id":"2f769701-c6b0-4528-9fd7-967e383b9858","ts":"2025-08-01T05:20:22.651-04:00","eventName":"n8n.node.finished","message":"n8n.node.finished","payload":{"workflowId":"EwpXGnR8lwRJS9O4","workflowName":"authentication","executionId":"111","nodeType":"n8n-nodes-base.webhook","nodeName":"Register Webhook","nodeId":"e46fbcd1-0dbb-4c7a-bc03-fb1d3f3f534b"}}
{"__type":"$$EventMessageConfirm","confirm":"2f769701-c6b0-4528-9fd7-967e383b9858","ts":"2025-08-01T05:20:22.651-04:00","source":{"id":"0","name":"eventBus"}}
{"__type":"$$EventMessageNode","id":"f87348be-3e10-4211-8435-d14eca6812a8","ts":"2025-08-01T05:20:22.651-04:00","eventName":"n8n.node.started","message":"n8n.node.started","payload":{"workflowId":"EwpXGnR8lwRJS9O4","workflowName":"authentication","executionId":"111","nodeType":"n8n-nodes-base.code","nodeName":"Code","nodeId":"e918c323-1978-4c7f-8968-05f3e91179cb"}}
{"__type":"$$EventMessageConfirm","confirm":"f87348be-3e10-4211-8435-d14eca6812a8","ts":"2025-08-01T05:20:22.651-04:00","source":{"id":"0","name":"eventBus"}}
{"__type":"$$EventMessageNode","id":"3aa71284-87f3-49df-9b40-1c1bd73fedfa","ts":"2025-08-01T05:20:22.652-04:00","eventName":"n8n.node.finished","message":"n8n.node.finished","payload":{"workflowId":"EwpXGnR8lwRJS9O4","workflowName":"authentication","executionId":"111","nodeType":"n8n-nodes-base.code","nodeName":"Code","nodeId":"e918c323-1978-4c7f-8968-05f3e91179cb"}}
{"__type":"$$EventMessageConfirm","confirm":"3aa71284-87f3-49df-9b40-1c1bd73fedfa","ts":"2025-08-01T05:20:22.652-04:00","source":{"id":"0","name":"eventBus"}}
{"__type":"$$EventMessageNode","id":"e8ed26d2-2ba3-496b-b056-3b18f673b696","ts":"2025-08-01T05:20:22.653-04:00","eventName":"n8n.node.started","message":"n8n.node.started","payload":{"workflowId":"EwpXGnR8lwRJS9O4","workflowName":"authentication","executionId":"111","nodeType":"n8n-nodes-base.mySql","nodeName":"Insert rows in a table","nodeId":"573d2056-d67d-4aa5-abd5-e6b6d0d5511c"}}
{"__type":"$$EventMessageConfirm","confirm":"e8ed26d2-2ba3-496b-b056-3b18f673b696","ts":"2025-08-01T05:20:22.653-04:00","source":{"id":"0","name":"eventBus"}}
{"__type":"$$EventMessageNode","id":"a086d717-82ab-4a80-b88f-7a128cd2d12a","ts":"2025-08-01T05:20:22.656-04:00","eventName":"n8n.node.finished","message":"n8n.node.finished","payload":{"workflowId":"EwpXGnR8lwRJS9O4","workflowName":"authentication","executionId":"111","nodeType":"n8n-nodes-base.mySql","nodeName":"Insert rows in a table","nodeId":"573d2056-d67d-4aa5-abd5-e6b6d0d5511c"}}
{"__type":"$$EventMessageConfirm","confirm":"a086d717-82ab-4a80-b88f-7a128cd2d12a","ts":"2025-08-01T05:20:22.656-04:00","source":{"id":"0","name":"eventBus"}}
{"__type":"$$EventMessageNode","id":"139c21b0-c5c7-4d98-b5df-5e9b81eb8946","ts":"2025-08-01T05:20:22.657-04:00","eventName":"n8n.node.started","message":"n8n.node.started","payload":{"workflowId":"EwpXGnR8lwRJS9O4","workflowName":"authentication","executionId":"111","nodeType":"n8n-nodes-base.respondToWebhook","nodeName":"Register Response","nodeId":"cc17e25e-725a-46aa-82bb-1a5c1dac571c"}}
{"__type":"$$EventMessageConfirm","confirm":"139c21b0-c5c7-4d98-b5df-5e9b81eb8946","ts":"2025-08-01T05:20:22.657-04:00","source":{"id":"0","name":"eventBus"}}
{"__type":"$$EventMessageNode","id":"a78c5698-9519-4cad-903c-d2710949c1b6","ts":"2025-08-01T05:20:22.658-04:00","eventName":"n8n.node.finished","message":"n8n.node.finished","payload":{"workflowId":"EwpXGnR8lwRJS9O4","workflowName":"authentication","executionId":"111","nodeType":"n8n-nodes-base.respondToWebhook","nodeName":"Register Response","nodeId":"cc17e25e-725a-46aa-82bb-1a5c1dac571c"}}
{"__type":"$$EventMessageConfirm","confirm":"a78c5698-9519-4cad-903c-d2710949c1b6","ts":"2025-08-01T05:20:22.658-04:00","source":{"id":"0","name":"eventBus"}}
{"__type":"$$EventMessageWorkflow","id":"e6267747-6913-49e9-9715-f5412f6f786b","ts":"2025-08-01T05:20:22.659-04:00","eventName":"n8n.workflow.success","message":"n8n.workflow.success","payload":{"executionId":"111","success":true,"isManual":true,"workflowId":"EwpXGnR8lwRJS9O4","workflowName":"authentication"}}
{"__type":"$$EventMessageConfirm","confirm":"e6267747-6913-49e9-9715-f5412f6f786b","ts":"2025-08-01T05:20:22.659-04:00","source":{"id":"0","name":"eventBus"}}
{"__type":"$$EventMessageWorkflow","id":"33d12ba9-8b59-403f-97ad-bd7e33af01a8","ts":"2025-08-01T05:22:35.012-04:00","eventName":"n8n.workflow.started","message":"n8n.workflow.started","payload":{"executionId":"112","workflowId":"EwpXGnR8lwRJS9O4","isManual":false,"workflowName":"authentication"}}
{"__type":"$$EventMessageConfirm","confirm":"33d12ba9-8b59-403f-97ad-bd7e33af01a8","ts":"2025-08-01T05:22:35.013-04:00","source":{"id":"0","name":"eventBus"}}
{"__type":"$$EventMessageNode","id":"418928a3-7d89-4130-8193-ac9ba008fdee","ts":"2025-08-01T05:22:35.013-04:00","eventName":"n8n.node.started","message":"n8n.node.started","payload":{"workflowId":"EwpXGnR8lwRJS9O4","workflowName":"authentication","executionId":"112","nodeType":"n8n-nodes-base.code","nodeName":"Code","nodeId":"e918c323-1978-4c7f-8968-05f3e91179cb"}}
{"__type":"$$EventMessageConfirm","confirm":"418928a3-7d89-4130-8193-ac9ba008fdee","ts":"2025-08-01T05:22:35.013-04:00","source":{"id":"0","name":"eventBus"}}
{"__type":"$$EventMessageNode","id":"fd6f936a-49b7-4fc7-8c82-8a83fa0ca5ff","ts":"2025-08-01T05:22:35.019-04:00","eventName":"n8n.node.finished","message":"n8n.node.finished","payload":{"workflowId":"EwpXGnR8lwRJS9O4","workflowName":"authentication","executionId":"112","nodeType":"n8n-nodes-base.code","nodeName":"Code","nodeId":"e918c323-1978-4c7f-8968-05f3e91179cb"}}
{"__type":"$$EventMessageConfirm","confirm":"fd6f936a-49b7-4fc7-8c82-8a83fa0ca5ff","ts":"2025-08-01T05:22:35.019-04:00","source":{"id":"0","name":"eventBus"}}
{"__type":"$$EventMessageWorkflow","id":"21736b53-3dc3-4849-ba5b-e3386cc96f64","ts":"2025-08-01T05:22:35.020-04:00","eventName":"n8n.workflow.success","message":"n8n.workflow.success","payload":{"userId":"b0559425-3fa0-463b-9321-4368bdcce78e","executionId":"112","success":true,"isManual":true,"workflowId":"EwpXGnR8lwRJS9O4","workflowName":"authentication"}}
{"__type":"$$EventMessageConfirm","confirm":"21736b53-3dc3-4849-ba5b-e3386cc96f64","ts":"2025-08-01T05:22:35.021-04:00","source":{"id":"0","name":"eventBus"}}
{"__type":"$$EventMessageWorkflow","id":"f1621193-ee87-4990-8d5c-47e2f74f92a5","ts":"2025-08-01T05:23:08.411-04:00","eventName":"n8n.workflow.started","message":"n8n.workflow.started","payload":{"executionId":"113","workflowId":"EwpXGnR8lwRJS9O4","isManual":false,"workflowName":"authentication"}}
{"__type":"$$EventMessageConfirm","confirm":"f1621193-ee87-4990-8d5c-47e2f74f92a5","ts":"2025-08-01T05:23:08.411-04:00","source":{"id":"0","name":"eventBus"}}
{"__type":"$$EventMessageNode","id":"f290693b-6558-4415-91d5-8736119be702","ts":"2025-08-01T05:23:08.411-04:00","eventName":"n8n.node.started","message":"n8n.node.started","payload":{"workflowId":"EwpXGnR8lwRJS9O4","workflowName":"authentication","executionId":"113","nodeType":"n8n-nodes-base.webhook","nodeName":"Register Webhook","nodeId":"e46fbcd1-0dbb-4c7a-bc03-fb1d3f3f534b"}}
{"__type":"$$EventMessageConfirm","confirm":"f290693b-6558-4415-91d5-8736119be702","ts":"2025-08-01T05:23:08.411-04:00","source":{"id":"0","name":"eventBus"}}
{"__type":"$$EventMessageNode","id":"255eb5cd-3572-4e0b-8a1e-70ade86574e5","ts":"2025-08-01T05:23:08.411-04:00","eventName":"n8n.node.finished","message":"n8n.node.finished","payload":{"workflowId":"EwpXGnR8lwRJS9O4","workflowName":"authentication","executionId":"113","nodeType":"n8n-nodes-base.webhook","nodeName":"Register Webhook","nodeId":"e46fbcd1-0dbb-4c7a-bc03-fb1d3f3f534b"}}
{"__type":"$$EventMessageConfirm","confirm":"255eb5cd-3572-4e0b-8a1e-70ade86574e5","ts":"2025-08-01T05:23:08.411-04:00","source":{"id":"0","name":"eventBus"}}
{"__type":"$$EventMessageNode","id":"4f78b5d3-c069-4102-ba3f-72f391a1df05","ts":"2025-08-01T05:23:08.412-04:00","eventName":"n8n.node.started","message":"n8n.node.started","payload":{"workflowId":"EwpXGnR8lwRJS9O4","workflowName":"authentication","executionId":"113","nodeType":"n8n-nodes-base.code","nodeName":"Code","nodeId":"e918c323-1978-4c7f-8968-05f3e91179cb"}}
{"__type":"$$EventMessageConfirm","confirm":"4f78b5d3-c069-4102-ba3f-72f391a1df05","ts":"2025-08-01T05:23:08.412-04:00","source":{"id":"0","name":"eventBus"}}
{"__type":"$$EventMessageNode","id":"7e28c2bf-7f21-4817-9923-dc3b0efeaee3","ts":"2025-08-01T05:23:08.414-04:00","eventName":"n8n.node.finished","message":"n8n.node.finished","payload":{"workflowId":"EwpXGnR8lwRJS9O4","workflowName":"authentication","executionId":"113","nodeType":"n8n-nodes-base.code","nodeName":"Code","nodeId":"e918c323-1978-4c7f-8968-05f3e91179cb"}}
{"__type":"$$EventMessageConfirm","confirm":"7e28c2bf-7f21-4817-9923-dc3b0efeaee3","ts":"2025-08-01T05:23:08.414-04:00","source":{"id":"0","name":"eventBus"}}
{"__type":"$$EventMessageNode","id":"7bef2125-a20a-4c5d-8b01-6c4542482449","ts":"2025-08-01T05:23:08.414-04:00","eventName":"n8n.node.started","message":"n8n.node.started","payload":{"workflowId":"EwpXGnR8lwRJS9O4","workflowName":"authentication","executionId":"113","nodeType":"n8n-nodes-base.mySql","nodeName":"Insert rows in a table","nodeId":"573d2056-d67d-4aa5-abd5-e6b6d0d5511c"}}
{"__type":"$$EventMessageConfirm","confirm":"7bef2125-a20a-4c5d-8b01-6c4542482449","ts":"2025-08-01T05:23:08.414-04:00","source":{"id":"0","name":"eventBus"}}
{"__type":"$$EventMessageNode","id":"0d1db57e-feb9-444b-b5fa-1dda5281dd00","ts":"2025-08-01T05:23:08.418-04:00","eventName":"n8n.node.finished","message":"n8n.node.finished","payload":{"workflowId":"EwpXGnR8lwRJS9O4","workflowName":"authentication","executionId":"113","nodeType":"n8n-nodes-base.mySql","nodeName":"Insert rows in a table","nodeId":"573d2056-d67d-4aa5-abd5-e6b6d0d5511c"}}
{"__type":"$$EventMessageConfirm","confirm":"0d1db57e-feb9-444b-b5fa-1dda5281dd00","ts":"2025-08-01T05:23:08.418-04:00","source":{"id":"0","name":"eventBus"}}
{"__type":"$$EventMessageNode","id":"83ace3c1-5fc9-45ee-b7f9-83ca6de1e0b2","ts":"2025-08-01T05:23:08.418-04:00","eventName":"n8n.node.started","message":"n8n.node.started","payload":{"workflowId":"EwpXGnR8lwRJS9O4","workflowName":"authentication","executionId":"113","nodeType":"n8n-nodes-base.respondToWebhook","nodeName":"Register Response","nodeId":"cc17e25e-725a-46aa-82bb-1a5c1dac571c"}}
{"__type":"$$EventMessageConfirm","confirm":"83ace3c1-5fc9-45ee-b7f9-83ca6de1e0b2","ts":"2025-08-01T05:23:08.418-04:00","source":{"id":"0","name":"eventBus"}}
{"__type":"$$EventMessageNode","id":"1f9b71f9-76cf-40ad-ac7f-e8fdcdb6ee33","ts":"2025-08-01T05:23:08.432-04:00","eventName":"n8n.node.finished","message":"n8n.node.finished","payload":{"workflowId":"EwpXGnR8lwRJS9O4","workflowName":"authentication","executionId":"113","nodeType":"n8n-nodes-base.respondToWebhook","nodeName":"Register Response","nodeId":"cc17e25e-725a-46aa-82bb-1a5c1dac571c"}}
{"__type":"$$EventMessageConfirm","confirm":"1f9b71f9-76cf-40ad-ac7f-e8fdcdb6ee33","ts":"2025-08-01T05:23:08.432-04:00","source":{"id":"0","name":"eventBus"}}
{"__type":"$$EventMessageWorkflow","id":"e7135a7a-b142-4ac6-8976-89b608283e72","ts":"2025-08-01T05:23:08.434-04:00","eventName":"n8n.workflow.success","message":"n8n.workflow.success","payload":{"executionId":"113","success":true,"isManual":true,"workflowId":"EwpXGnR8lwRJS9O4","workflowName":"authentication"}}
{"__type":"$$EventMessageConfirm","confirm":"e7135a7a-b142-4ac6-8976-89b608283e72","ts":"2025-08-01T05:23:08.434-04:00","source":{"id":"0","name":"eventBus"}}
{"__type":"$$EventMessageWorkflow","id":"e90c53bb-9886-45ef-934c-3fc7e362c9c0","ts":"2025-08-01T05:24:25.860-04:00","eventName":"n8n.workflow.started","message":"n8n.workflow.started","payload":{"executionId":"114","workflowId":"EwpXGnR8lwRJS9O4","isManual":false,"workflowName":"authentication"}}
{"__type":"$$EventMessageConfirm","confirm":"e90c53bb-9886-45ef-934c-3fc7e362c9c0","ts":"2025-08-01T05:24:25.860-04:00","source":{"id":"0","name":"eventBus"}}
{"__type":"$$EventMessageNode","id":"5eebe609-f120-41b5-97ea-9f16b3d78161","ts":"2025-08-01T05:24:25.861-04:00","eventName":"n8n.node.started","message":"n8n.node.started","payload":{"workflowId":"EwpXGnR8lwRJS9O4","workflowName":"authentication","executionId":"114","nodeType":"n8n-nodes-base.webhook","nodeName":"Register Webhook","nodeId":"e46fbcd1-0dbb-4c7a-bc03-fb1d3f3f534b"}}
{"__type":"$$EventMessageConfirm","confirm":"5eebe609-f120-41b5-97ea-9f16b3d78161","ts":"2025-08-01T05:24:25.861-04:00","source":{"id":"0","name":"eventBus"}}
{"__type":"$$EventMessageNode","id":"40876b8f-51c6-43cf-a4dd-cff3f939fd5c","ts":"2025-08-01T05:24:25.861-04:00","eventName":"n8n.node.finished","message":"n8n.node.finished","payload":{"workflowId":"EwpXGnR8lwRJS9O4","workflowName":"authentication","executionId":"114","nodeType":"n8n-nodes-base.webhook","nodeName":"Register Webhook","nodeId":"e46fbcd1-0dbb-4c7a-bc03-fb1d3f3f534b"}}
{"__type":"$$EventMessageConfirm","confirm":"40876b8f-51c6-43cf-a4dd-cff3f939fd5c","ts":"2025-08-01T05:24:25.861-04:00","source":{"id":"0","name":"eventBus"}}
{"__type":"$$EventMessageNode","id":"c47f68bc-7580-46ed-946c-6685b0d8bf1a","ts":"2025-08-01T05:24:25.861-04:00","eventName":"n8n.node.started","message":"n8n.node.started","payload":{"workflowId":"EwpXGnR8lwRJS9O4","workflowName":"authentication","executionId":"114","nodeType":"n8n-nodes-base.code","nodeName":"Code","nodeId":"e918c323-1978-4c7f-8968-05f3e91179cb"}}
{"__type":"$$EventMessageConfirm","confirm":"c47f68bc-7580-46ed-946c-6685b0d8bf1a","ts":"2025-08-01T05:24:25.861-04:00","source":{"id":"0","name":"eventBus"}}
{"__type":"$$EventMessageNode","id":"727f014f-2a01-46fc-bc0f-d95678005f8e","ts":"2025-08-01T05:24:25.863-04:00","eventName":"n8n.node.finished","message":"n8n.node.finished","payload":{"workflowId":"EwpXGnR8lwRJS9O4","workflowName":"authentication","executionId":"114","nodeType":"n8n-nodes-base.code","nodeName":"Code","nodeId":"e918c323-1978-4c7f-8968-05f3e91179cb"}}
{"__type":"$$EventMessageConfirm","confirm":"727f014f-2a01-46fc-bc0f-d95678005f8e","ts":"2025-08-01T05:24:25.863-04:00","source":{"id":"0","name":"eventBus"}}
{"__type":"$$EventMessageNode","id":"a33dda25-5b08-4a98-ade1-01293e6412d4","ts":"2025-08-01T05:24:25.863-04:00","eventName":"n8n.node.started","message":"n8n.node.started","payload":{"workflowId":"EwpXGnR8lwRJS9O4","workflowName":"authentication","executionId":"114","nodeType":"n8n-nodes-base.mySql","nodeName":"Insert rows in a table","nodeId":"573d2056-d67d-4aa5-abd5-e6b6d0d5511c"}}
{"__type":"$$EventMessageConfirm","confirm":"a33dda25-5b08-4a98-ade1-01293e6412d4","ts":"2025-08-01T05:24:25.863-04:00","source":{"id":"0","name":"eventBus"}}
{"__type":"$$EventMessageNode","id":"be7db7a9-9414-4c56-b2ce-72ed13d28199","ts":"2025-08-01T05:24:25.874-04:00","eventName":"n8n.node.finished","message":"n8n.node.finished","payload":{"workflowId":"EwpXGnR8lwRJS9O4","workflowName":"authentication","executionId":"114","nodeType":"n8n-nodes-base.mySql","nodeName":"Insert rows in a table","nodeId":"573d2056-d67d-4aa5-abd5-e6b6d0d5511c"}}
{"__type":"$$EventMessageConfirm","confirm":"be7db7a9-9414-4c56-b2ce-72ed13d28199","ts":"2025-08-01T05:24:25.874-04:00","source":{"id":"0","name":"eventBus"}}
{"__type":"$$EventMessageNode","id":"8aceb3d2-8c9b-4cc5-a24a-a7b510d73daa","ts":"2025-08-01T05:24:25.874-04:00","eventName":"n8n.node.started","message":"n8n.node.started","payload":{"workflowId":"EwpXGnR8lwRJS9O4","workflowName":"authentication","executionId":"114","nodeType":"n8n-nodes-base.respondToWebhook","nodeName":"Respond to Webhook","nodeId":"43e49eb2-7be7-4656-8e31-eca04dc08f02"}}
{"__type":"$$EventMessageConfirm","confirm":"8aceb3d2-8c9b-4cc5-a24a-a7b510d73daa","ts":"2025-08-01T05:24:25.874-04:00","source":{"id":"0","name":"eventBus"}}
{"__type":"$$EventMessageNode","id":"b6dc03be-4e98-4d29-b56c-6453bf7e143c","ts":"2025-08-01T05:24:25.877-04:00","eventName":"n8n.node.finished","message":"n8n.node.finished","payload":{"workflowId":"EwpXGnR8lwRJS9O4","workflowName":"authentication","executionId":"114","nodeType":"n8n-nodes-base.respondToWebhook","nodeName":"Respond to Webhook","nodeId":"43e49eb2-7be7-4656-8e31-eca04dc08f02"}}
{"__type":"$$EventMessageConfirm","confirm":"b6dc03be-4e98-4d29-b56c-6453bf7e143c","ts":"2025-08-01T05:24:25.877-04:00","source":{"id":"0","name":"eventBus"}}
{"__type":"$$EventMessageWorkflow","id":"00e16d09-0bf2-4321-a819-7ff53141ed76","ts":"2025-08-01T05:24:25.879-04:00","eventName":"n8n.workflow.success","message":"n8n.workflow.success","payload":{"executionId":"114","success":true,"isManual":true,"workflowId":"EwpXGnR8lwRJS9O4","workflowName":"authentication"}}
{"__type":"$$EventMessageConfirm","confirm":"00e16d09-0bf2-4321-a819-7ff53141ed76","ts":"2025-08-01T05:24:25.879-04:00","source":{"id":"0","name":"eventBus"}}
{"__type":"$$EventMessageWorkflow","id":"ae305f33-8f90-413a-94cc-ada33ed6e46b","ts":"2025-08-01T05:25:45.062-04:00","eventName":"n8n.workflow.started","message":"n8n.workflow.started","payload":{"executionId":"115","workflowId":"EwpXGnR8lwRJS9O4","isManual":false,"workflowName":"authentication"}}
{"__type":"$$EventMessageConfirm","confirm":"ae305f33-8f90-413a-94cc-ada33ed6e46b","ts":"2025-08-01T05:25:45.062-04:00","source":{"id":"0","name":"eventBus"}}
{"__type":"$$EventMessageNode","id":"36e360e6-2c14-490a-83ff-3e73e8b213f8","ts":"2025-08-01T05:25:45.062-04:00","eventName":"n8n.node.started","message":"n8n.node.started","payload":{"workflowId":"EwpXGnR8lwRJS9O4","workflowName":"authentication","executionId":"115","nodeType":"n8n-nodes-base.webhook","nodeName":"Register Webhook","nodeId":"e46fbcd1-0dbb-4c7a-bc03-fb1d3f3f534b"}}
{"__type":"$$EventMessageConfirm","confirm":"36e360e6-2c14-490a-83ff-3e73e8b213f8","ts":"2025-08-01T05:25:45.062-04:00","source":{"id":"0","name":"eventBus"}}
{"__type":"$$EventMessageNode","id":"66714686-6b9b-41d8-90eb-d5752ce32f99","ts":"2025-08-01T05:25:45.062-04:00","eventName":"n8n.node.finished","message":"n8n.node.finished","payload":{"workflowId":"EwpXGnR8lwRJS9O4","workflowName":"authentication","executionId":"115","nodeType":"n8n-nodes-base.webhook","nodeName":"Register Webhook","nodeId":"e46fbcd1-0dbb-4c7a-bc03-fb1d3f3f534b"}}
{"__type":"$$EventMessageConfirm","confirm":"66714686-6b9b-41d8-90eb-d5752ce32f99","ts":"2025-08-01T05:25:45.062-04:00","source":{"id":"0","name":"eventBus"}}
{"__type":"$$EventMessageNode","id":"5f04d65c-1e2d-44df-9d81-9efe4c152873","ts":"2025-08-01T05:25:45.063-04:00","eventName":"n8n.node.started","message":"n8n.node.started","payload":{"workflowId":"EwpXGnR8lwRJS9O4","workflowName":"authentication","executionId":"115","nodeType":"n8n-nodes-base.code","nodeName":"Code","nodeId":"e918c323-1978-4c7f-8968-05f3e91179cb"}}
{"__type":"$$EventMessageConfirm","confirm":"5f04d65c-1e2d-44df-9d81-9efe4c152873","ts":"2025-08-01T05:25:45.063-04:00","source":{"id":"0","name":"eventBus"}}
{"__type":"$$EventMessageNode","id":"bab62b4f-62ea-427a-afa0-c656a9657033","ts":"2025-08-01T05:25:45.066-04:00","eventName":"n8n.node.finished","message":"n8n.node.finished","payload":{"workflowId":"EwpXGnR8lwRJS9O4","workflowName":"authentication","executionId":"115","nodeType":"n8n-nodes-base.code","nodeName":"Code","nodeId":"e918c323-1978-4c7f-8968-05f3e91179cb"}}
{"__type":"$$EventMessageConfirm","confirm":"bab62b4f-62ea-427a-afa0-c656a9657033","ts":"2025-08-01T05:25:45.066-04:00","source":{"id":"0","name":"eventBus"}}
{"__type":"$$EventMessageNode","id":"8d819e1d-28f3-4713-9412-54398705bb1d","ts":"2025-08-01T05:25:45.066-04:00","eventName":"n8n.node.started","message":"n8n.node.started","payload":{"workflowId":"EwpXGnR8lwRJS9O4","workflowName":"authentication","executionId":"115","nodeType":"n8n-nodes-base.mySql","nodeName":"Insert rows in a table","nodeId":"573d2056-d67d-4aa5-abd5-e6b6d0d5511c"}}
{"__type":"$$EventMessageConfirm","confirm":"8d819e1d-28f3-4713-9412-54398705bb1d","ts":"2025-08-01T05:25:45.066-04:00","source":{"id":"0","name":"eventBus"}}
{"__type":"$$EventMessageNode","id":"17b04b22-0570-4e6c-9d1a-d0eeeb023d9e","ts":"2025-08-01T05:25:45.072-04:00","eventName":"n8n.node.finished","message":"n8n.node.finished","payload":{"workflowId":"EwpXGnR8lwRJS9O4","workflowName":"authentication","executionId":"115","nodeType":"n8n-nodes-base.mySql","nodeName":"Insert rows in a table","nodeId":"573d2056-d67d-4aa5-abd5-e6b6d0d5511c"}}
{"__type":"$$EventMessageConfirm","confirm":"17b04b22-0570-4e6c-9d1a-d0eeeb023d9e","ts":"2025-08-01T05:25:45.072-04:00","source":{"id":"0","name":"eventBus"}}
{"__type":"$$EventMessageNode","id":"a328de3b-47d1-4f36-82c6-7c873d3ff529","ts":"2025-08-01T05:25:45.072-04:00","eventName":"n8n.node.started","message":"n8n.node.started","payload":{"workflowId":"EwpXGnR8lwRJS9O4","workflowName":"authentication","executionId":"115","nodeType":"n8n-nodes-base.respondToWebhook","nodeName":"Respond to Webhook","nodeId":"43e49eb2-7be7-4656-8e31-eca04dc08f02"}}
{"__type":"$$EventMessageConfirm","confirm":"a328de3b-47d1-4f36-82c6-7c873d3ff529","ts":"2025-08-01T05:25:45.072-04:00","source":{"id":"0","name":"eventBus"}}
{"__type":"$$EventMessageNode","id":"fed978ae-354c-4e0c-9381-39875bcd1e76","ts":"2025-08-01T05:25:45.073-04:00","eventName":"n8n.node.finished","message":"n8n.node.finished","payload":{"workflowId":"EwpXGnR8lwRJS9O4","workflowName":"authentication","executionId":"115","nodeType":"n8n-nodes-base.respondToWebhook","nodeName":"Respond to Webhook","nodeId":"43e49eb2-7be7-4656-8e31-eca04dc08f02"}}
{"__type":"$$EventMessageConfirm","confirm":"fed978ae-354c-4e0c-9381-39875bcd1e76","ts":"2025-08-01T05:25:45.073-04:00","source":{"id":"0","name":"eventBus"}}
{"__type":"$$EventMessageWorkflow","id":"d94f7db6-b760-4ebe-a174-01137ef0db83","ts":"2025-08-01T05:25:45.074-04:00","eventName":"n8n.workflow.success","message":"n8n.workflow.success","payload":{"executionId":"115","success":true,"isManual":true,"workflowId":"EwpXGnR8lwRJS9O4","workflowName":"authentication"}}
{"__type":"$$EventMessageConfirm","confirm":"d94f7db6-b760-4ebe-a174-01137ef0db83","ts":"2025-08-01T05:25:45.074-04:00","source":{"id":"0","name":"eventBus"}}
{"__type":"$$EventMessageAudit","id":"0d868f5f-ed65-450c-87df-3af5baacc11a","ts":"2025-08-01T05:47:49.632-04:00","eventName":"n8n.audit.user.credentials.created","message":"n8n.audit.user.credentials.created","payload":{"userId":"b0559425-3fa0-463b-9321-4368bdcce78e","_email":"parag@smartshore.nl","_firstName":"Parag","_lastName":"Dangui","globalRole":"global:owner","credentialType":"jwtAuth","credentialId":"LiahVNj0KPKzjGKh","publicApi":false,"projectId":"arH9OhVUseISePQA","projectType":"personal"}}
{"__type":"$$EventMessageConfirm","confirm":"0d868f5f-ed65-450c-87df-3af5baacc11a","ts":"2025-08-01T05:47:49.632-04:00","source":{"id":"0","name":"eventBus"}}
{"__type":"$$EventMessageAudit","id":"d10b6b4e-d1fd-41ad-950b-dbdf10230125","ts":"2025-08-01T05:58:37.208-04:00","eventName":"n8n.audit.workflow.updated","message":"n8n.audit.workflow.updated","payload":{"userId":"b0559425-3fa0-463b-9321-4368bdcce78e","_email":"parag@smartshore.nl","_firstName":"Parag","_lastName":"Dangui","globalRole":"global:owner","workflowId":"EwpXGnR8lwRJS9O4","workflowName":"authentication"}}
{"__type":"$$EventMessageConfirm","confirm":"d10b6b4e-d1fd-41ad-950b-dbdf10230125","ts":"2025-08-01T05:58:37.208-04:00","source":{"id":"0","name":"eventBus"}}
